05-12-2021 15:04:08.016346 -> [main] -> START
05-12-2021 15:04:08.018341 -> [main] -> DIRECTORY STRUCTURE CHECK START
05-12-2021 15:04:08.018341 -> [dir_structure_generator] -> START
05-12-2021 15:04:08.019339 -> [dir_structure_generator] -> MAIN DIRECTORY PRESENT
05-12-2021 15:04:08.019339 -> [dir_structure_generator] -> SUB DIRECTORY DIR_TEST PRESENT
05-12-2021 15:04:08.020337 -> [dir_structure_generator] -> SUB DIRECTORY DIR_DATA CREATED
05-12-2021 15:04:08.020337 -> [dir_structure_generator] -> SUB DIRECTORY DIR_CODE PRESENT
05-12-2021 15:04:08.021333 -> [dir_structure_generator] -> SUB DIRECTORY DIR_LOGS PRESENT
05-12-2021 15:04:08.021333 -> [dir_structure_generator] -> SUB DIRECTORY DIR_DOCS CREATED
05-12-2021 15:04:08.023981 -> [dir_structure_generator] -> SUB DIRECTORY DIR_DOCS_RESEARCH CREATED
05-12-2021 15:04:08.024830 -> [dir_structure_generator] -> STOP
05-12-2021 15:04:08.024830 -> [main] -> DIRECTORY STRUCTURE CHECK STOP
05-12-2021 15:04:08.025832 -> [main] -> DATASET DOWNLOADER START
05-12-2021 15:04:08.026830 -> [dataset_downloader] -> START
05-12-2021 15:04:08.026830 -> [dataset_downloader] -> NUMBER DATASETS TO BE DOWNLOADED : 7
05-12-2021 15:04:08.027826 -> [dataset_downloader] -> NAME OF DATASETS TO BE DOWNLOADED : ['COCO', 'IMAGENET', 'STANFORD_DOGS', 'BDD100K', 'OXFORD_PET', 'POTHOLE_DETECTION', 'LOGO_DETECTION']
05-12-2021 15:04:08.027826 -> [dataset_downloader] -> DOWNLOAD COCO DATASET
05-12-2021 15:04:08.028824 -> [dataset_downloader] -> COCO DIRECTORY CREATED
05-12-2021 15:04:08.029821 -> [dataset_downloader] -> REQUESTING DATA
05-12-2021 15:04:08.946203 -> [dataset_downloader] -> DATA INFO RECEIVED
05-12-2021 15:04:08.947227 -> [dataset_downloader] -> NAME = COCO
05-12-2021 15:04:08.949192 -> [dataset_downloader] -> SAVE LOCATION = E:/1_PYTHON_PROJECT\EDA_ODD\DATA\COCO\TRAIN2017.ZIP
05-12-2021 15:04:08.949192 -> [dataset_downloader] -> DATASET SIZE = 18.0087890625 GB
05-12-2021 15:04:08.951190 -> [dataset_downloader] -> DOWNLOAD START
05-12-2021 15:11:55.282329 -> [main] -> START
05-12-2021 15:11:55.283326 -> [main] -> DIRECTORY STRUCTURE CHECK START
05-12-2021 15:11:55.285320 -> [dir_structure_generator] -> START
05-12-2021 15:11:55.286088 -> [dir_structure_generator] -> MAIN DIRECTORY PRESENT
05-12-2021 15:11:55.287097 -> [dir_structure_generator] -> SUB DIRECTORY DIR_TEST PRESENT
05-12-2021 15:11:55.288085 -> [dir_structure_generator] -> SUB DIRECTORY DIR_DATA CREATED
05-12-2021 15:11:55.288085 -> [dir_structure_generator] -> SUB DIRECTORY DIR_CODE PRESENT
05-12-2021 15:11:55.289218 -> [dir_structure_generator] -> SUB DIRECTORY DIR_LOGS PRESENT
05-12-2021 15:11:55.290218 -> [dir_structure_generator] -> SUB DIRECTORY DIR_DOCS PRESENT
05-12-2021 15:11:55.290218 -> [dir_structure_generator] -> SUB DIRECTORY DIR_DOCS_RESEARCH PRESENT
05-12-2021 15:11:55.292212 -> [dir_structure_generator] -> STOP
05-12-2021 15:11:55.292819 -> [main] -> DIRECTORY STRUCTURE CHECK STOP
05-12-2021 15:11:55.293564 -> [main] -> DATASET DOWNLOADER START
05-12-2021 15:11:55.293564 -> [dataset_downloader] -> START
05-12-2021 15:11:55.294565 -> [dataset_downloader] -> NUMBER DATASETS TO BE DOWNLOADED : 7
05-12-2021 15:11:55.295562 -> [dataset_downloader] -> NAME OF DATASETS TO BE DOWNLOADED : ['COCO', 'IMAGENET', 'STANFORD_DOGS', 'BDD100K', 'OXFORD_PET', 'POTHOLE_DETECTION', 'LOGO_DETECTION']
05-12-2021 15:11:55.295562 -> [dataset_downloader] -> DOWNLOAD COCO DATASET
05-12-2021 15:11:55.296559 -> [dataset_downloader] -> COCO DIRECTORY CREATED
05-12-2021 15:11:55.297557 -> [dataset_downloader] -> REQUESTING DATA
05-12-2021 15:11:55.997637 -> [dataset_downloader] -> DATA INFO RECEIVED
05-12-2021 15:11:55.998631 -> [dataset_downloader] -> NAME = COCO
05-12-2021 15:11:55.999665 -> [dataset_downloader] -> SAVE LOCATION = E:/1_PYTHON_PROJECT\EDA_ODD\DATA\COCO\TRAIN2017.ZIP
05-12-2021 15:11:56.000627 -> [dataset_downloader] -> DATASET SIZE = 18.0087890625 GB
05-12-2021 15:11:56.001624 -> [dataset_downloader] -> DOWNLOAD START
05-12-2021 15:20:12.799644 -> [main] -> START
05-12-2021 15:20:12.800331 -> [main] -> DIRECTORY STRUCTURE CHECK START
05-12-2021 15:20:12.801569 -> [dir_structure_generator] -> START
05-12-2021 15:20:12.802453 -> [dir_structure_generator] -> MAIN DIRECTORY PRESENT
05-12-2021 15:20:12.803296 -> [dir_structure_generator] -> SUB DIRECTORY DIR_TEST PRESENT
05-12-2021 15:20:12.804296 -> [dir_structure_generator] -> SUB DIRECTORY DIR_DATA CREATED
05-12-2021 15:20:12.804296 -> [dir_structure_generator] -> SUB DIRECTORY DIR_CODE PRESENT
05-12-2021 15:20:12.805293 -> [dir_structure_generator] -> SUB DIRECTORY DIR_LOGS PRESENT
05-12-2021 15:20:12.806292 -> [dir_structure_generator] -> SUB DIRECTORY DIR_DOCS CREATED
05-12-2021 15:20:12.807287 -> [dir_structure_generator] -> SUB DIRECTORY DIR_DOCS_RESEARCH CREATED
05-12-2021 15:20:12.807287 -> [dir_structure_generator] -> STOP
05-12-2021 15:20:12.809282 -> [main] -> DIRECTORY STRUCTURE CHECK STOP
05-12-2021 15:20:12.810660 -> [main] -> DATASET DOWNLOADER START
05-12-2021 15:20:12.812661 -> [dataset_downloader] -> START
05-12-2021 15:20:12.813662 -> [dataset_downloader] -> NUMBER DATASETS TO BE DOWNLOADED : 7
05-12-2021 15:20:12.814654 -> [dataset_downloader] -> NAME OF DATASETS TO BE DOWNLOADED : ['COCO', 'IMAGENET', 'STANFORD_DOGS', 'BDD100K', 'OXFORD_PET', 'POTHOLE_DETECTION', 'LOGO_DETECTION']
05-12-2021 15:20:12.816650 -> [dataset_downloader] -> DOWNLOAD COCO DATASET
05-12-2021 15:20:12.817644 -> [dataset_downloader] -> COCO DIRECTORY CREATED
05-12-2021 15:20:12.818643 -> [dataset_downloader] -> REQUESTING DATA
05-12-2021 15:20:13.523980 -> [dataset_downloader] -> DATA INFO RECEIVED
05-12-2021 15:20:13.524793 -> [dataset_downloader] -> NAME = COCO
05-12-2021 15:20:13.525847 -> [dataset_downloader] -> SAVE LOCATION = E:/1_PYTHON_PROJECT\EDA_ODD\DATA\COCO\TRAIN2017.ZIP
05-12-2021 15:20:13.526847 -> [dataset_downloader] -> DATASET SIZE = 18.0087890625 GB
05-12-2021 15:20:13.527844 -> [dataset_downloader] -> DOWNLOAD START
05-12-2021 16:01:01.930813 -> [dataset_downloader] -> DOWNLOAD COMPLETE
05-12-2021 16:01:01.946917 -> [dataset_downloader] -> COCO DIRECTORY ALREADY PRESENT
05-12-2021 16:01:01.949915 -> [dataset_downloader] -> REQUESTING DATA
05-12-2021 16:01:02.779092 -> [dataset_downloader] -> DATA INFO RECEIVED
05-12-2021 16:01:02.781087 -> [dataset_downloader] -> NAME = COCO
05-12-2021 16:01:02.782259 -> [dataset_downloader] -> SAVE LOCATION = E:/1_PYTHON_PROJECT\EDA_ODD\DATA\COCO\ANNOTATIONS_TRAINVAL2017.ZIP
05-12-2021 16:01:02.784299 -> [dataset_downloader] -> DATASET SIZE = 0.2353515625 GB
05-12-2021 16:01:02.786252 -> [dataset_downloader] -> DOWNLOAD START
05-12-2021 16:01:40.197603 -> [dataset_downloader] -> DOWNLOAD COMPLETE
05-12-2021 16:01:40.205729 -> [dataset_downloader] -> DOWNLOAD COCO DATASET COMPLETE
05-12-2021 16:01:40.206579 -> [dataset_downloader] -> DOWNLOAD IMAGENET DATASET
05-12-2021 16:01:40.207566 -> [dataset_downloader] -> IMAGENET DIRECTORY CREATED
05-12-2021 16:01:40.208567 -> [dataset_downloader] -> REQUESTING DATA
05-12-2021 16:01:41.636728 -> [dataset_downloader] -> DATA INFO RECEIVED
05-12-2021 16:01:41.637724 -> [dataset_downloader] -> NAME = IMAGENET
05-12-2021 16:01:41.639736 -> [dataset_downloader] -> SAVE LOCATION = E:/1_PYTHON_PROJECT\EDA_ODD\DATA\IMAGENET\IMAGENET21K_RESIZED.TAR.GZ
05-12-2021 16:01:41.641753 -> [dataset_downloader] -> DATASET SIZE = 261.248046875 GB
05-12-2021 16:01:41.642711 -> [dataset_downloader] -> DOWNLOAD START
05-12-2021 16:08:10.140476 -> [main] -> START
05-12-2021 16:08:10.141665 -> [main] -> DIRECTORY STRUCTURE CHECK START
05-12-2021 16:08:10.142877 -> [dir_structure_generator] -> START
05-12-2021 16:08:10.144003 -> [dir_structure_generator] -> MAIN DIRECTORY PRESENT
05-12-2021 16:08:10.145023 -> [dir_structure_generator] -> SUB DIRECTORY DIR_TEST PRESENT
05-12-2021 16:08:10.146025 -> [dir_structure_generator] -> SUB DIRECTORY DIR_DATA PRESENT
05-12-2021 16:08:10.147303 -> [dir_structure_generator] -> SUB DIRECTORY DIR_CODE PRESENT
05-12-2021 16:08:10.149012 -> [dir_structure_generator] -> SUB DIRECTORY DIR_LOGS PRESENT
05-12-2021 16:08:10.166654 -> [dir_structure_generator] -> SUB DIRECTORY DIR_DOCS PRESENT
05-12-2021 16:08:10.167655 -> [dir_structure_generator] -> SUB DIRECTORY DIR_DOCS_RESEARCH PRESENT
05-12-2021 16:08:10.169649 -> [dir_structure_generator] -> STOP
05-12-2021 16:08:10.170646 -> [main] -> DIRECTORY STRUCTURE CHECK STOP
05-12-2021 16:08:10.174561 -> [main] -> DATASET DOWNLOADER START
05-12-2021 16:08:10.175576 -> [dataset_downloader] -> START
05-12-2021 16:08:10.178557 -> [dataset_downloader] -> NUMBER DATASETS TO BE DOWNLOADED : 7
05-12-2021 16:08:10.180548 -> [dataset_downloader] -> NAME OF DATASETS TO BE DOWNLOADED : ['COCO', 'IMAGENET', 'STANFORD_DOGS', 'BDD100K', 'OXFORD_PET', 'POTHOLE_DETECTION', 'LOGO_DETECTION']
05-12-2021 16:08:10.182099 -> [dataset_downloader] -> DOWNLOAD COCO DATASET
05-12-2021 16:08:10.183109 -> [dataset_downloader] -> COCO DIRECTORY ALREADY PRESENT
05-12-2021 16:08:10.185094 -> [dataset_downloader] -> COCO DATASET TRAIN2017.ZIP FILE ALREADY PRESENT
05-12-2021 16:08:10.189801 -> [dataset_downloader] -> COCO DIRECTORY ALREADY PRESENT
05-12-2021 16:08:10.190801 -> [dataset_downloader] -> COCO DATASET ANNOTATIONS_TRAINVAL2017.ZIP FILE ALREADY PRESENT
05-12-2021 16:08:10.192796 -> [dataset_downloader] -> DOWNLOAD COCO DATASET COMPLETE
05-12-2021 16:08:10.194796 -> [dataset_downloader] -> DOWNLOAD IMAGENET DATASET
05-12-2021 16:08:10.197212 -> [dataset_downloader] -> IMAGENET DIRECTORY ALREADY PRESENT
05-12-2021 16:08:10.199210 -> [dataset_downloader] -> IMAGENET DATASET IMAGENET21K_RESIZED.TAR.GZ FILE ALREADY PRESENT
05-12-2021 16:08:10.200208 -> [dataset_downloader] -> DOWNLOAD IMAGENET DATASET COMPLETE
05-12-2021 16:08:10.202202 -> [dataset_downloader] -> DOWNLOAD STANFORD_DOGS DATASET
05-12-2021 16:08:10.205767 -> [dataset_downloader] -> STANFORD_DOGS DIRECTORY CREATED
05-12-2021 16:08:10.206767 -> [dataset_downloader] -> REQUESTING DATA
05-12-2021 16:08:11.728274 -> [dataset_downloader] -> DATA INFO RECEIVED
05-12-2021 16:08:11.729228 -> [dataset_downloader] -> NAME = STANFORD_DOGS
05-12-2021 16:08:11.730228 -> [dataset_downloader] -> SAVE LOCATION = E:/1_PYTHON_PROJECT\EDA_ODD\DATA\STANFORD_DOGS\IMAGES.TAR
05-12-2021 16:08:11.731901 -> [dataset_downloader] -> DATASET SIZE = 0.7392578125 GB
05-12-2021 16:08:11.733181 -> [dataset_downloader] -> DOWNLOAD START
05-12-2021 16:08:21.777410 -> [main] -> START
05-12-2021 16:08:21.778409 -> [main] -> DIRECTORY STRUCTURE CHECK START
05-12-2021 16:08:21.779813 -> [dir_structure_generator] -> START
05-12-2021 16:08:21.780813 -> [dir_structure_generator] -> MAIN DIRECTORY PRESENT
05-12-2021 16:08:21.782807 -> [dir_structure_generator] -> SUB DIRECTORY DIR_TEST PRESENT
05-12-2021 16:08:21.784412 -> [dir_structure_generator] -> SUB DIRECTORY DIR_DATA PRESENT
05-12-2021 16:08:21.785413 -> [dir_structure_generator] -> SUB DIRECTORY DIR_CODE PRESENT
05-12-2021 16:08:21.787408 -> [dir_structure_generator] -> SUB DIRECTORY DIR_LOGS PRESENT
05-12-2021 16:08:21.788404 -> [dir_structure_generator] -> SUB DIRECTORY DIR_DOCS PRESENT
05-12-2021 16:08:21.790400 -> [dir_structure_generator] -> SUB DIRECTORY DIR_DOCS_RESEARCH PRESENT
05-12-2021 16:08:21.791397 -> [dir_structure_generator] -> STOP
05-12-2021 16:08:21.793517 -> [main] -> DIRECTORY STRUCTURE CHECK STOP
05-12-2021 16:08:21.796936 -> [main] -> DATASET DOWNLOADER START
05-12-2021 16:08:21.798933 -> [dataset_downloader] -> START
05-12-2021 16:08:21.799968 -> [dataset_downloader] -> NUMBER DATASETS TO BE DOWNLOADED : 7
05-12-2021 16:08:21.801929 -> [dataset_downloader] -> NAME OF DATASETS TO BE DOWNLOADED : ['COCO', 'IMAGENET', 'STANFORD_DOGS', 'BDD100K', 'OXFORD_PET', 'POTHOLE_DETECTION', 'LOGO_DETECTION']
05-12-2021 16:08:21.804919 -> [dataset_downloader] -> DOWNLOAD COCO DATASET
05-12-2021 16:08:21.805916 -> [dataset_downloader] -> COCO DIRECTORY ALREADY PRESENT
05-12-2021 16:08:21.807910 -> [dataset_downloader] -> COCO DATASET TRAIN2017.ZIP FILE ALREADY PRESENT
05-12-2021 16:08:21.809905 -> [dataset_downloader] -> COCO DIRECTORY ALREADY PRESENT
05-12-2021 16:08:21.812697 -> [dataset_downloader] -> COCO DATASET ANNOTATIONS_TRAINVAL2017.ZIP FILE ALREADY PRESENT
05-12-2021 16:08:21.814695 -> [dataset_downloader] -> DOWNLOAD COCO DATASET COMPLETE
05-12-2021 16:08:21.815692 -> [dataset_downloader] -> DOWNLOAD IMAGENET DATASET
05-12-2021 16:08:21.818699 -> [dataset_downloader] -> IMAGENET DIRECTORY ALREADY PRESENT
05-12-2021 16:08:21.820684 -> [dataset_downloader] -> IMAGENET DATASET IMAGENET21K_RESIZED.TAR.GZ FILE ALREADY PRESENT
05-12-2021 16:08:21.822674 -> [dataset_downloader] -> DOWNLOAD IMAGENET DATASET COMPLETE
05-12-2021 16:08:21.824667 -> [dataset_downloader] -> DOWNLOAD STANFORD_DOGS DATASET
05-12-2021 16:08:21.828657 -> [dataset_downloader] -> STANFORD_DOGS DIRECTORY ALREADY PRESENT
05-12-2021 16:08:21.829661 -> [dataset_downloader] -> STANFORD_DOGS DATASET IMAGES.TAR FILE ALREADY PRESENT
05-12-2021 16:08:21.830653 -> [dataset_downloader] -> STANFORD_DOGS DIRECTORY ALREADY PRESENT
05-12-2021 16:08:21.832647 -> [dataset_downloader] -> REQUESTING DATA
05-12-2021 16:08:22.427786 -> [dataset_downloader] -> DATA INFO RECEIVED
05-12-2021 16:08:22.428568 -> [dataset_downloader] -> NAME = STANFORD_DOGS
05-12-2021 16:08:22.430410 -> [dataset_downloader] -> SAVE LOCATION = E:/1_PYTHON_PROJECT\EDA_ODD\DATA\STANFORD_DOGS\ANNOTATION.TAR
05-12-2021 16:08:22.431849 -> [dataset_downloader] -> DATASET SIZE = 0.0205078125 GB
05-12-2021 16:08:22.433850 -> [dataset_downloader] -> DOWNLOAD START
05-12-2021 16:08:25.951154 -> [main] -> START
05-12-2021 16:08:25.952151 -> [main] -> DIRECTORY STRUCTURE CHECK START
05-12-2021 16:08:25.953824 -> [dir_structure_generator] -> START
05-12-2021 16:08:25.955285 -> [dir_structure_generator] -> MAIN DIRECTORY PRESENT
05-12-2021 16:08:25.956285 -> [dir_structure_generator] -> SUB DIRECTORY DIR_TEST PRESENT
05-12-2021 16:08:25.958280 -> [dir_structure_generator] -> SUB DIRECTORY DIR_DATA PRESENT
05-12-2021 16:08:25.959545 -> [dir_structure_generator] -> SUB DIRECTORY DIR_CODE PRESENT
05-12-2021 16:08:25.960546 -> [dir_structure_generator] -> SUB DIRECTORY DIR_LOGS PRESENT
05-12-2021 16:08:25.962546 -> [dir_structure_generator] -> SUB DIRECTORY DIR_DOCS PRESENT
05-12-2021 16:08:25.967597 -> [dir_structure_generator] -> SUB DIRECTORY DIR_DOCS_RESEARCH PRESENT
05-12-2021 16:08:25.968594 -> [dir_structure_generator] -> STOP
05-12-2021 16:08:25.970589 -> [main] -> DIRECTORY STRUCTURE CHECK STOP
05-12-2021 16:08:25.971602 -> [main] -> DATASET DOWNLOADER START
05-12-2021 16:08:25.972584 -> [dataset_downloader] -> START
05-12-2021 16:08:25.974592 -> [dataset_downloader] -> NUMBER DATASETS TO BE DOWNLOADED : 7
05-12-2021 16:08:25.975576 -> [dataset_downloader] -> NAME OF DATASETS TO BE DOWNLOADED : ['COCO', 'IMAGENET', 'STANFORD_DOGS', 'BDD100K', 'OXFORD_PET', 'POTHOLE_DETECTION', 'LOGO_DETECTION']
05-12-2021 16:08:25.977573 -> [dataset_downloader] -> DOWNLOAD COCO DATASET
05-12-2021 16:08:25.979566 -> [dataset_downloader] -> COCO DIRECTORY ALREADY PRESENT
05-12-2021 16:08:25.984881 -> [dataset_downloader] -> COCO DATASET TRAIN2017.ZIP FILE ALREADY PRESENT
05-12-2021 16:08:25.986865 -> [dataset_downloader] -> COCO DIRECTORY ALREADY PRESENT
05-12-2021 16:08:25.988865 -> [dataset_downloader] -> COCO DATASET ANNOTATIONS_TRAINVAL2017.ZIP FILE ALREADY PRESENT
05-12-2021 16:08:25.990031 -> [dataset_downloader] -> DOWNLOAD COCO DATASET COMPLETE
05-12-2021 16:08:25.991032 -> [dataset_downloader] -> DOWNLOAD IMAGENET DATASET
05-12-2021 16:08:25.993026 -> [dataset_downloader] -> IMAGENET DIRECTORY ALREADY PRESENT
05-12-2021 16:08:25.994023 -> [dataset_downloader] -> IMAGENET DATASET IMAGENET21K_RESIZED.TAR.GZ FILE ALREADY PRESENT
05-12-2021 16:08:25.997019 -> [dataset_downloader] -> DOWNLOAD IMAGENET DATASET COMPLETE
05-12-2021 16:08:26.003500 -> [dataset_downloader] -> DOWNLOAD STANFORD_DOGS DATASET
05-12-2021 16:08:26.005234 -> [dataset_downloader] -> STANFORD_DOGS DIRECTORY ALREADY PRESENT
05-12-2021 16:08:26.006234 -> [dataset_downloader] -> STANFORD_DOGS DATASET IMAGES.TAR FILE ALREADY PRESENT
05-12-2021 16:08:26.008230 -> [dataset_downloader] -> STANFORD_DOGS DIRECTORY ALREADY PRESENT
05-12-2021 16:08:26.010225 -> [dataset_downloader] -> STANFORD_DOGS DATASET ANNOTATION.TAR FILE ALREADY PRESENT
05-12-2021 16:08:26.012219 -> [dataset_downloader] -> DOWNLOAD STANFORD_DOGS DATASET COMPLETE
05-12-2021 16:08:26.019298 -> [dataset_downloader] -> DOWNLOAD BDD100K DATASET
05-12-2021 16:08:26.021294 -> [dataset_downloader] -> BDD100K DIRECTORY CREATED
05-12-2021 16:08:26.022446 -> [dataset_downloader] -> REQUESTING DATA
05-12-2021 16:08:26.753376 -> [dataset_downloader] -> DATA INFO RECEIVED
05-12-2021 16:08:26.754317 -> [dataset_downloader] -> NAME = BDD100K
05-12-2021 16:08:26.756313 -> [dataset_downloader] -> SAVE LOCATION = E:/1_PYTHON_PROJECT\EDA_ODD\DATA\BDD100K\BDD100K_VIDEOS.ZIP
05-12-2021 16:08:26.757313 -> [dataset_downloader] -> DATASET SIZE = 1833.9189453125 GB
05-12-2021 16:08:26.759306 -> [dataset_downloader] -> DOWNLOAD START
05-12-2021 16:08:36.213544 -> [main] -> START
05-12-2021 16:08:36.214543 -> [main] -> DIRECTORY STRUCTURE CHECK START
05-12-2021 16:08:36.215541 -> [dir_structure_generator] -> START
05-12-2021 16:08:36.217536 -> [dir_structure_generator] -> MAIN DIRECTORY PRESENT
05-12-2021 16:08:36.219528 -> [dir_structure_generator] -> SUB DIRECTORY DIR_TEST PRESENT
05-12-2021 16:08:36.220738 -> [dir_structure_generator] -> SUB DIRECTORY DIR_DATA PRESENT
05-12-2021 16:08:36.222821 -> [dir_structure_generator] -> SUB DIRECTORY DIR_CODE PRESENT
05-12-2021 16:08:36.224297 -> [dir_structure_generator] -> SUB DIRECTORY DIR_LOGS PRESENT
05-12-2021 16:08:36.225296 -> [dir_structure_generator] -> SUB DIRECTORY DIR_DOCS PRESENT
05-12-2021 16:08:36.227291 -> [dir_structure_generator] -> SUB DIRECTORY DIR_DOCS_RESEARCH PRESENT
05-12-2021 16:08:36.229018 -> [dir_structure_generator] -> STOP
05-12-2021 16:08:36.230018 -> [main] -> DIRECTORY STRUCTURE CHECK STOP
05-12-2021 16:08:36.232013 -> [main] -> DATASET DOWNLOADER START
05-12-2021 16:08:36.234007 -> [dataset_downloader] -> START
05-12-2021 16:08:36.236002 -> [dataset_downloader] -> NUMBER DATASETS TO BE DOWNLOADED : 7
05-12-2021 16:08:36.240540 -> [dataset_downloader] -> NAME OF DATASETS TO BE DOWNLOADED : ['COCO', 'IMAGENET', 'STANFORD_DOGS', 'BDD100K', 'OXFORD_PET', 'POTHOLE_DETECTION', 'LOGO_DETECTION']
05-12-2021 16:08:36.242224 -> [dataset_downloader] -> DOWNLOAD COCO DATASET
05-12-2021 16:08:36.243756 -> [dataset_downloader] -> COCO DIRECTORY ALREADY PRESENT
05-12-2021 16:08:36.244756 -> [dataset_downloader] -> COCO DATASET TRAIN2017.ZIP FILE ALREADY PRESENT
05-12-2021 16:08:36.246757 -> [dataset_downloader] -> COCO DIRECTORY ALREADY PRESENT
05-12-2021 16:08:36.248784 -> [dataset_downloader] -> COCO DATASET ANNOTATIONS_TRAINVAL2017.ZIP FILE ALREADY PRESENT
05-12-2021 16:08:36.250741 -> [dataset_downloader] -> DOWNLOAD COCO DATASET COMPLETE
05-12-2021 16:08:36.254086 -> [dataset_downloader] -> DOWNLOAD IMAGENET DATASET
05-12-2021 16:08:36.257085 -> [dataset_downloader] -> IMAGENET DIRECTORY ALREADY PRESENT
05-12-2021 16:08:36.259708 -> [dataset_downloader] -> IMAGENET DATASET IMAGENET21K_RESIZED.TAR.GZ FILE ALREADY PRESENT
05-12-2021 16:08:36.260709 -> [dataset_downloader] -> DOWNLOAD IMAGENET DATASET COMPLETE
05-12-2021 16:08:36.262910 -> [dataset_downloader] -> DOWNLOAD STANFORD_DOGS DATASET
05-12-2021 16:08:36.264909 -> [dataset_downloader] -> STANFORD_DOGS DIRECTORY ALREADY PRESENT
05-12-2021 16:08:36.266903 -> [dataset_downloader] -> STANFORD_DOGS DATASET IMAGES.TAR FILE ALREADY PRESENT
05-12-2021 16:08:36.269849 -> [dataset_downloader] -> STANFORD_DOGS DIRECTORY ALREADY PRESENT
05-12-2021 16:08:36.271857 -> [dataset_downloader] -> STANFORD_DOGS DATASET ANNOTATION.TAR FILE ALREADY PRESENT
05-12-2021 16:08:36.274981 -> [dataset_downloader] -> DOWNLOAD STANFORD_DOGS DATASET COMPLETE
05-12-2021 16:08:36.276979 -> [dataset_downloader] -> DOWNLOAD BDD100K DATASET
05-12-2021 16:08:36.278975 -> [dataset_downloader] -> BDD100K DIRECTORY ALREADY PRESENT
05-12-2021 16:08:36.280008 -> [dataset_downloader] -> BDD100K DATASET BDD100K_VIDEOS.ZIP FILE ALREADY PRESENT
05-12-2021 16:08:36.282210 -> [dataset_downloader] -> DOWNLOAD BDD100K DATASET COMPLETE
05-12-2021 16:08:36.285318 -> [dataset_downloader] -> DOWNLOAD OXFORD_PET DATASET
05-12-2021 16:08:36.287317 -> [dataset_downloader] -> OXFORD_PET DIRECTORY CREATED
05-12-2021 16:08:36.290097 -> [dataset_downloader] -> REQUESTING DATA
05-12-2021 16:08:36.811256 -> [dataset_downloader] -> DATA REQUEST FAILED
05-12-2021 16:08:36.812248 -> [dataset_downloader] -> DOWNLOAD OXFORD_PET DATASET COMPLETE
05-12-2021 16:08:36.814243 -> [dataset_downloader] -> DOWNLOAD POTHOLE_DETECTION DATASET
05-12-2021 16:08:36.817234 -> [dataset_downloader] -> POTHOLE_DETECTION DIRECTORY CREATED
05-12-2021 16:08:36.820227 -> [dataset_downloader] -> REQUESTING DATA
05-12-2021 16:08:37.298158 -> [dataset_downloader] -> DATA REQUEST FAILED
05-12-2021 16:08:37.299175 -> [dataset_downloader] -> DOWNLOAD POTHOLE_DETECTION DATASET COMPLETE
05-12-2021 16:08:37.301390 -> [dataset_downloader] -> DOWNLOAD LOGO_DETECTION DATASET
05-12-2021 16:08:37.304104 -> [dataset_downloader] -> LOGO_DETECTION DIRECTORY CREATED
05-12-2021 16:08:37.305096 -> [dataset_downloader] -> REQUESTING DATA
05-12-2021 16:08:45.384863 -> [dataset_downloader] -> DATA INFO RECEIVED
05-12-2021 16:08:45.385826 -> [dataset_downloader] -> NAME = LOGO_DETECTION
05-12-2021 16:08:45.386821 -> [dataset_downloader] -> SAVE LOCATION = E:/1_PYTHON_PROJECT\EDA_ODD\DATA\LOGO_DETECTION\LOGODET-3K.ZIP
05-12-2021 16:08:45.388936 -> [dataset_downloader] -> DATASET SIZE = 2.8671875 GB
05-12-2021 16:08:45.389971 -> [dataset_downloader] -> DOWNLOAD START
05-12-2021 16:09:37.615123 -> [main] -> START
05-12-2021 16:09:37.616123 -> [main] -> DIRECTORY STRUCTURE CHECK START
05-12-2021 16:09:37.618116 -> [dir_structure_generator] -> START
05-12-2021 16:09:37.619647 -> [dir_structure_generator] -> MAIN DIRECTORY PRESENT
05-12-2021 16:09:37.621645 -> [dir_structure_generator] -> SUB DIRECTORY DIR_TEST PRESENT
05-12-2021 16:09:37.623347 -> [dir_structure_generator] -> SUB DIRECTORY DIR_DATA PRESENT
05-12-2021 16:09:37.624348 -> [dir_structure_generator] -> SUB DIRECTORY DIR_CODE PRESENT
05-12-2021 16:09:37.626343 -> [dir_structure_generator] -> SUB DIRECTORY DIR_LOGS PRESENT
05-12-2021 16:09:37.628338 -> [dir_structure_generator] -> SUB DIRECTORY DIR_DOCS PRESENT
05-12-2021 16:09:37.630334 -> [dir_structure_generator] -> SUB DIRECTORY DIR_DOCS_RESEARCH PRESENT
05-12-2021 16:09:37.633149 -> [dir_structure_generator] -> STOP
05-12-2021 16:09:37.635002 -> [main] -> DIRECTORY STRUCTURE CHECK STOP
05-12-2021 16:09:37.636002 -> [main] -> DATASET DOWNLOADER START
05-12-2021 16:09:37.639043 -> [dataset_downloader] -> START
05-12-2021 16:09:37.641987 -> [dataset_downloader] -> NUMBER DATASETS TO BE DOWNLOADED : 7
05-12-2021 16:09:37.643982 -> [dataset_downloader] -> NAME OF DATASETS TO BE DOWNLOADED : ['COCO', 'IMAGENET', 'STANFORD_DOGS', 'BDD100K', 'OXFORD_PET', 'POTHOLE_DETECTION', 'LOGO_DETECTION']
05-12-2021 16:09:37.645997 -> [dataset_downloader] -> DOWNLOAD COCO DATASET
05-12-2021 16:09:37.648916 -> [dataset_downloader] -> COCO DIRECTORY ALREADY PRESENT
05-12-2021 16:09:37.650671 -> [dataset_downloader] -> COCO DATASET TRAIN2017.ZIP FILE ALREADY PRESENT
05-12-2021 16:09:37.651672 -> [dataset_downloader] -> COCO DIRECTORY ALREADY PRESENT
05-12-2021 16:09:37.653667 -> [dataset_downloader] -> COCO DATASET ANNOTATIONS_TRAINVAL2017.ZIP FILE ALREADY PRESENT
05-12-2021 16:09:37.656703 -> [dataset_downloader] -> DOWNLOAD COCO DATASET COMPLETE
05-12-2021 16:09:37.659652 -> [dataset_downloader] -> DOWNLOAD IMAGENET DATASET
05-12-2021 16:09:37.661648 -> [dataset_downloader] -> IMAGENET DIRECTORY ALREADY PRESENT
05-12-2021 16:09:37.664537 -> [dataset_downloader] -> IMAGENET DATASET IMAGENET21K_RESIZED.TAR.GZ FILE ALREADY PRESENT
05-12-2021 16:09:37.666534 -> [dataset_downloader] -> DOWNLOAD IMAGENET DATASET COMPLETE
05-12-2021 16:09:37.667532 -> [dataset_downloader] -> DOWNLOAD STANFORD_DOGS DATASET
05-12-2021 16:09:37.669631 -> [dataset_downloader] -> STANFORD_DOGS DIRECTORY ALREADY PRESENT
05-12-2021 16:09:37.671650 -> [dataset_downloader] -> STANFORD_DOGS DATASET IMAGES.TAR FILE ALREADY PRESENT
05-12-2021 16:09:37.675618 -> [dataset_downloader] -> STANFORD_DOGS DIRECTORY ALREADY PRESENT
05-12-2021 16:09:37.677615 -> [dataset_downloader] -> STANFORD_DOGS DATASET ANNOTATION.TAR FILE ALREADY PRESENT
05-12-2021 16:09:37.680401 -> [dataset_downloader] -> DOWNLOAD STANFORD_DOGS DATASET COMPLETE
05-12-2021 16:09:37.682406 -> [dataset_downloader] -> DOWNLOAD BDD100K DATASET
05-12-2021 16:09:37.684070 -> [dataset_downloader] -> BDD100K DIRECTORY ALREADY PRESENT
05-12-2021 16:09:37.686067 -> [dataset_downloader] -> BDD100K DATASET BDD100K_VIDEOS.ZIP FILE ALREADY PRESENT
05-12-2021 16:09:37.687069 -> [dataset_downloader] -> DOWNLOAD BDD100K DATASET COMPLETE
05-12-2021 16:09:37.692053 -> [dataset_downloader] -> DOWNLOAD OXFORD_PET DATASET
05-12-2021 16:09:37.694049 -> [dataset_downloader] -> OXFORD_PET DIRECTORY ALREADY PRESENT
05-12-2021 16:09:37.697029 -> [dataset_downloader] -> REQUESTING DATA
05-12-2021 16:09:38.172926 -> [dataset_downloader] -> DATA REQUEST FAILED
05-12-2021 16:09:38.174015 -> [dataset_downloader] -> DOWNLOAD OXFORD_PET DATASET COMPLETE
05-12-2021 16:09:38.176013 -> [dataset_downloader] -> DOWNLOAD POTHOLE_DETECTION DATASET
05-12-2021 16:09:38.177012 -> [dataset_downloader] -> POTHOLE_DETECTION DIRECTORY ALREADY PRESENT
05-12-2021 16:09:38.179007 -> [dataset_downloader] -> REQUESTING DATA
05-12-2021 16:09:38.634252 -> [dataset_downloader] -> DATA REQUEST FAILED
05-12-2021 16:09:38.635432 -> [dataset_downloader] -> DOWNLOAD POTHOLE_DETECTION DATASET COMPLETE
05-12-2021 16:09:38.637459 -> [dataset_downloader] -> DOWNLOAD LOGO_DETECTION DATASET
05-12-2021 16:09:38.639239 -> [dataset_downloader] -> LOGO_DETECTION DIRECTORY ALREADY PRESENT
05-12-2021 16:09:38.640240 -> [dataset_downloader] -> LOGO_DETECTION DATASET LOGODET-3K.ZIP FILE ALREADY PRESENT
05-12-2021 16:09:38.642545 -> [dataset_downloader] -> DOWNLOAD LOGO_DETECTION DATASET COMPLETE
05-12-2021 16:09:38.644151 -> [dataset_downloader] -> STOP
05-12-2021 16:09:38.647146 -> [main] -> DATASET DOWNLOADER STOP
05-12-2021 16:09:38.648142 -> [main] -> DATASET EXTRACTOR START
05-12-2021 16:09:38.650140 -> [main] -> SELECTED DATASET LOCATION : E:/1_PYTHON_PROJECT\EDA_ODD\DATA\COCO
05-12-2021 16:09:38.652483 -> [main] -> CURRENT FILE : ANNOTATIONS_TRAINVAL2017.ZIP
05-12-2021 16:09:38.656969 -> [main] -> CHECKING FILE TYPE
05-12-2021 16:09:38.659137 -> [main] -> FILE TYPE : ZIP
05-12-2021 16:09:38.660855 -> [zip_file] -> START
05-12-2021 16:09:38.673193 -> [zip_file] -> NUMBER OF FILES INSIDE = 6
05-12-2021 16:09:38.675173 -> [zip_file] -> FILES INFO : 
05-12-2021 16:09:38.678166 -> [zip_file] -> S.NO. 1 :: FILE NAME = ANNOTATIONS/INSTANCES_TRAIN2017.JSON :: SIZE = 458774.88 KB
05-12-2021 16:09:38.680158 -> [zip_file] -> S.NO. 2 :: FILE NAME = ANNOTATIONS/INSTANCES_VAL2017.JSON :: SIZE = 19519.38 KB
05-12-2021 16:09:38.682152 -> [zip_file] -> S.NO. 3 :: FILE NAME = ANNOTATIONS/CAPTIONS_TRAIN2017.JSON :: SIZE = 89712.03 KB
05-12-2021 16:09:38.684147 -> [zip_file] -> S.NO. 4 :: FILE NAME = ANNOTATIONS/CAPTIONS_VAL2017.JSON :: SIZE = 3781.71 KB
05-12-2021 16:09:38.686142 -> [zip_file] -> S.NO. 5 :: FILE NAME = ANNOTATIONS/PERSON_KEYPOINTS_TRAIN2017.JSON :: SIZE = 233285.87 KB
05-12-2021 16:09:38.690134 -> [zip_file] -> S.NO. 6 :: FILE NAME = ANNOTATIONS/PERSON_KEYPOINTS_VAL2017.JSON :: SIZE = 9785.8 KB
05-12-2021 16:09:38.692643 -> [zip_file] -> EXTRACTING FILES AT E:/1_PYTHON_PROJECT\EDA_ODD\DATA\COCO
05-12-2021 16:09:38.694640 -> [zip_file] -> EXTRACTION START
05-12-2021 16:10:32.973085 -> [main] -> START
05-12-2021 16:10:32.974043 -> [main] -> DIRECTORY STRUCTURE CHECK START
05-12-2021 16:10:32.976038 -> [dir_structure_generator] -> START
05-12-2021 16:10:32.978033 -> [dir_structure_generator] -> MAIN DIRECTORY PRESENT
05-12-2021 16:10:32.981027 -> [dir_structure_generator] -> SUB DIRECTORY DIR_TEST PRESENT
05-12-2021 16:10:32.984018 -> [dir_structure_generator] -> SUB DIRECTORY DIR_DATA PRESENT
05-12-2021 16:10:32.986012 -> [dir_structure_generator] -> SUB DIRECTORY DIR_CODE PRESENT
05-12-2021 16:10:32.988010 -> [dir_structure_generator] -> SUB DIRECTORY DIR_LOGS PRESENT
05-12-2021 16:10:32.990001 -> [dir_structure_generator] -> SUB DIRECTORY DIR_DOCS PRESENT
05-12-2021 16:10:32.991029 -> [dir_structure_generator] -> SUB DIRECTORY DIR_DOCS_RESEARCH PRESENT
05-12-2021 16:10:32.993990 -> [dir_structure_generator] -> STOP
05-12-2021 16:10:32.995027 -> [main] -> DIRECTORY STRUCTURE CHECK STOP
05-12-2021 16:10:32.996982 -> [main] -> DATASET DOWNLOADER START
05-12-2021 16:10:32.997980 -> [dataset_downloader] -> START
05-12-2021 16:10:32.999975 -> [dataset_downloader] -> NUMBER DATASETS TO BE DOWNLOADED : 7
05-12-2021 16:10:33.001007 -> [dataset_downloader] -> NAME OF DATASETS TO BE DOWNLOADED : ['COCO', 'IMAGENET', 'STANFORD_DOGS', 'BDD100K', 'OXFORD_PET', 'POTHOLE_DETECTION', 'LOGO_DETECTION']
05-12-2021 16:10:33.002966 -> [dataset_downloader] -> DOWNLOAD COCO DATASET
05-12-2021 16:10:33.003996 -> [dataset_downloader] -> COCO DIRECTORY ALREADY PRESENT
05-12-2021 16:10:33.005986 -> [dataset_downloader] -> COCO DATASET TRAIN2017.ZIP FILE ALREADY PRESENT
05-12-2021 16:10:33.006956 -> [dataset_downloader] -> COCO DIRECTORY ALREADY PRESENT
05-12-2021 16:10:33.009949 -> [dataset_downloader] -> COCO DATASET ANNOTATIONS_TRAINVAL2017.ZIP FILE ALREADY PRESENT
05-12-2021 16:10:33.012951 -> [dataset_downloader] -> DOWNLOAD COCO DATASET COMPLETE
05-12-2021 16:10:33.015980 -> [dataset_downloader] -> DOWNLOAD IMAGENET DATASET
05-12-2021 16:10:33.018925 -> [dataset_downloader] -> IMAGENET DIRECTORY ALREADY PRESENT
05-12-2021 16:10:33.020919 -> [dataset_downloader] -> IMAGENET DATASET IMAGENET21K_RESIZED.TAR.GZ FILE ALREADY PRESENT
05-12-2021 16:10:33.022914 -> [dataset_downloader] -> DOWNLOAD IMAGENET DATASET COMPLETE
05-12-2021 16:10:33.023947 -> [dataset_downloader] -> DOWNLOAD STANFORD_DOGS DATASET
05-12-2021 16:10:33.025906 -> [dataset_downloader] -> STANFORD_DOGS DIRECTORY ALREADY PRESENT
05-12-2021 16:10:33.028937 -> [dataset_downloader] -> STANFORD_DOGS DATASET IMAGES.TAR FILE ALREADY PRESENT
05-12-2021 16:10:33.029925 -> [dataset_downloader] -> STANFORD_DOGS DIRECTORY ALREADY PRESENT
05-12-2021 16:10:33.031889 -> [dataset_downloader] -> STANFORD_DOGS DATASET ANNOTATION.TAR FILE ALREADY PRESENT
05-12-2021 16:10:33.032918 -> [dataset_downloader] -> DOWNLOAD STANFORD_DOGS DATASET COMPLETE
05-12-2021 16:10:33.033884 -> [dataset_downloader] -> DOWNLOAD BDD100K DATASET
05-12-2021 16:10:33.035880 -> [dataset_downloader] -> BDD100K DIRECTORY ALREADY PRESENT
05-12-2021 16:10:33.036876 -> [dataset_downloader] -> BDD100K DATASET BDD100K_VIDEOS.ZIP FILE ALREADY PRESENT
05-12-2021 16:10:33.038873 -> [dataset_downloader] -> DOWNLOAD BDD100K DATASET COMPLETE
05-12-2021 16:10:33.039898 -> [dataset_downloader] -> DOWNLOAD OXFORD_PET DATASET
05-12-2021 16:10:33.044858 -> [dataset_downloader] -> OXFORD_PET DIRECTORY ALREADY PRESENT
05-12-2021 16:10:33.048850 -> [dataset_downloader] -> REQUESTING DATA
05-12-2021 16:10:36.632033 -> [dataset_downloader] -> DATA REQUEST FAILED
05-12-2021 16:10:36.633061 -> [dataset_downloader] -> DOWNLOAD OXFORD_PET DATASET COMPLETE
05-12-2021 16:10:36.634438 -> [dataset_downloader] -> DOWNLOAD POTHOLE_DETECTION DATASET
05-12-2021 16:10:36.635473 -> [dataset_downloader] -> POTHOLE_DETECTION DIRECTORY ALREADY PRESENT
05-12-2021 16:10:36.637517 -> [dataset_downloader] -> REQUESTING DATA
05-12-2021 16:10:37.203738 -> [dataset_downloader] -> DATA REQUEST FAILED
05-12-2021 16:10:37.204735 -> [dataset_downloader] -> DOWNLOAD POTHOLE_DETECTION DATASET COMPLETE
05-12-2021 16:10:37.206731 -> [dataset_downloader] -> DOWNLOAD LOGO_DETECTION DATASET
05-12-2021 16:10:37.208628 -> [dataset_downloader] -> LOGO_DETECTION DIRECTORY ALREADY PRESENT
05-12-2021 16:10:37.210179 -> [dataset_downloader] -> LOGO_DETECTION DATASET LOGODET-3K.ZIP FILE ALREADY PRESENT
05-12-2021 16:10:37.211745 -> [dataset_downloader] -> DOWNLOAD LOGO_DETECTION DATASET COMPLETE
05-12-2021 16:10:37.212746 -> [dataset_downloader] -> STOP
05-12-2021 16:10:37.215740 -> [main] -> DATASET DOWNLOADER STOP
05-12-2021 16:10:37.216734 -> [main] -> DATASET EXTRACTOR START
05-12-2021 16:10:37.217733 -> [main] -> SELECTED DATASET LOCATION : E:/1_PYTHON_PROJECT\EDA_ODD\DATA\COCO
05-12-2021 16:10:37.219725 -> [main] -> CURRENT FILE : ANNOTATIONS_TRAINVAL2017.ZIP
05-12-2021 16:10:37.222815 -> [main] -> CHECKING FILE TYPE
05-12-2021 16:10:37.225814 -> [main] -> FILE TYPE : ZIP
05-12-2021 16:10:37.227805 -> [zip_file] -> START
05-12-2021 16:10:37.231813 -> [zip_file] -> NUMBER OF FILES INSIDE = 6
05-12-2021 16:10:37.232791 -> [zip_file] -> FILES INFO : 
05-12-2021 16:10:37.234188 -> [zip_file] -> S.NO. 1 :: FILE NAME = ANNOTATIONS/INSTANCES_TRAIN2017.JSON :: SIZE = 458774.88 KB
05-12-2021 16:10:37.236197 -> [zip_file] -> S.NO. 2 :: FILE NAME = ANNOTATIONS/INSTANCES_VAL2017.JSON :: SIZE = 19519.38 KB
05-12-2021 16:10:37.238180 -> [zip_file] -> S.NO. 3 :: FILE NAME = ANNOTATIONS/CAPTIONS_TRAIN2017.JSON :: SIZE = 89712.03 KB
05-12-2021 16:10:37.243738 -> [zip_file] -> S.NO. 4 :: FILE NAME = ANNOTATIONS/CAPTIONS_VAL2017.JSON :: SIZE = 3781.71 KB
05-12-2021 16:10:37.245782 -> [zip_file] -> S.NO. 5 :: FILE NAME = ANNOTATIONS/PERSON_KEYPOINTS_TRAIN2017.JSON :: SIZE = 233285.87 KB
05-12-2021 16:10:37.247731 -> [zip_file] -> S.NO. 6 :: FILE NAME = ANNOTATIONS/PERSON_KEYPOINTS_VAL2017.JSON :: SIZE = 9785.8 KB
05-12-2021 16:10:37.249462 -> [zip_file] -> EXTRACTING FILES AT E:/1_PYTHON_PROJECT\EDA_ODD\DATA\COCO
05-12-2021 16:10:37.251460 -> [zip_file] -> EXTRACTION START
05-12-2021 16:10:42.182327 -> [zip_file] -> EXTRACTION STOP
05-12-2021 16:10:42.183324 -> [zip_file] -> STOP
05-12-2021 16:10:42.186347 -> [main] -> CURRENT FILE : TRAIN2017.ZIP
05-12-2021 16:10:42.188310 -> [main] -> CHECKING FILE TYPE
05-12-2021 16:10:42.189309 -> [main] -> FILE TYPE : ZIP
05-12-2021 16:10:42.192410 -> [zip_file] -> START
05-12-2021 16:10:43.775158 -> [zip_file] -> NUMBER OF FILES INSIDE = 118288
05-12-2021 16:10:43.776156 -> [zip_file] -> FILES INFO : 
05-12-2021 16:10:43.781146 -> [zip_file] -> S.NO. 1 :: FILE NAME = TRAIN2017/ :: SIZE = 0.0 KB
05-12-2021 16:10:43.783139 -> [zip_file] -> S.NO. 2 :: FILE NAME = TRAIN2017/000000147328.JPG :: SIZE = 284.01 KB
05-12-2021 16:10:43.786131 -> [zip_file] -> S.NO. 3 :: FILE NAME = TRAIN2017/000000414738.JPG :: SIZE = 114.21 KB
05-12-2021 16:10:43.788943 -> [zip_file] -> S.NO. 4 :: FILE NAME = TRAIN2017/000000281563.JPG :: SIZE = 108.61 KB
05-12-2021 16:10:43.790941 -> [zip_file] -> S.NO. 5 :: FILE NAME = TRAIN2017/000000063879.JPG :: SIZE = 88.13 KB
05-12-2021 16:10:43.792936 -> [zip_file] -> S.NO. 6 :: FILE NAME = TRAIN2017/000000531349.JPG :: SIZE = 207.0 KB
05-12-2021 16:10:43.795932 -> [zip_file] -> S.NO. 7 :: FILE NAME = TRAIN2017/000000340329.JPG :: SIZE = 158.87 KB
05-12-2021 16:10:43.798920 -> [zip_file] -> S.NO. 8 :: FILE NAME = TRAIN2017/000000182236.JPG :: SIZE = 97.4 KB
05-12-2021 16:10:43.801081 -> [zip_file] -> S.NO. 9 :: FILE NAME = TRAIN2017/000000326820.JPG :: SIZE = 189.76 KB
05-12-2021 16:10:43.804084 -> [zip_file] -> S.NO. 10 :: FILE NAME = TRAIN2017/000000149364.JPG :: SIZE = 282.35 KB
05-12-2021 16:10:43.806071 -> [zip_file] -> S.NO. 11 :: FILE NAME = TRAIN2017/000000166598.JPG :: SIZE = 130.13 KB
05-12-2021 16:10:43.812077 -> [zip_file] -> S.NO. 12 :: FILE NAME = TRAIN2017/000000424792.JPG :: SIZE = 75.99 KB
05-12-2021 16:10:43.815050 -> [zip_file] -> S.NO. 13 :: FILE NAME = TRAIN2017/000000178388.JPG :: SIZE = 96.23 KB
05-12-2021 16:10:43.820034 -> [zip_file] -> S.NO. 14 :: FILE NAME = TRAIN2017/000000568154.JPG :: SIZE = 194.94 KB
05-12-2021 16:10:43.822028 -> [zip_file] -> S.NO. 15 :: FILE NAME = TRAIN2017/000000268150.JPG :: SIZE = 129.33 KB
05-12-2021 16:10:43.825021 -> [zip_file] -> S.NO. 16 :: FILE NAME = TRAIN2017/000000138473.JPG :: SIZE = 69.67 KB
05-12-2021 16:10:43.827170 -> [zip_file] -> S.NO. 17 :: FILE NAME = TRAIN2017/000000382699.JPG :: SIZE = 156.75 KB
05-12-2021 16:10:43.829168 -> [zip_file] -> S.NO. 18 :: FILE NAME = TRAIN2017/000000493952.JPG :: SIZE = 173.02 KB
05-12-2021 16:10:43.831163 -> [zip_file] -> S.NO. 19 :: FILE NAME = TRAIN2017/000000348522.JPG :: SIZE = 82.87 KB
05-12-2021 16:10:43.833157 -> [zip_file] -> S.NO. 20 :: FILE NAME = TRAIN2017/000000066862.JPG :: SIZE = 63.3 KB
05-12-2021 16:10:43.836159 -> [zip_file] -> S.NO. 21 :: FILE NAME = TRAIN2017/000000024457.JPG :: SIZE = 91.7 KB
05-12-2021 16:10:43.839146 -> [zip_file] -> S.NO. 22 :: FILE NAME = TRAIN2017/000000160437.JPG :: SIZE = 325.5 KB
05-12-2021 16:10:43.841136 -> [zip_file] -> S.NO. 23 :: FILE NAME = TRAIN2017/000000487414.JPG :: SIZE = 207.83 KB
05-12-2021 16:10:43.844298 -> [zip_file] -> S.NO. 24 :: FILE NAME = TRAIN2017/000000329541.JPG :: SIZE = 130.77 KB
05-12-2021 16:10:43.846295 -> [zip_file] -> S.NO. 25 :: FILE NAME = TRAIN2017/000000092064.JPG :: SIZE = 189.72 KB
05-12-2021 16:10:43.848289 -> [zip_file] -> S.NO. 26 :: FILE NAME = TRAIN2017/000000281262.JPG :: SIZE = 187.58 KB
05-12-2021 16:10:43.850286 -> [zip_file] -> S.NO. 27 :: FILE NAME = TRAIN2017/000000145337.JPG :: SIZE = 190.35 KB
05-12-2021 16:10:43.854275 -> [zip_file] -> S.NO. 28 :: FILE NAME = TRAIN2017/000000372147.JPG :: SIZE = 118.87 KB
05-12-2021 16:10:43.860262 -> [zip_file] -> S.NO. 29 :: FILE NAME = TRAIN2017/000000559184.JPG :: SIZE = 128.74 KB
05-12-2021 16:10:43.865176 -> [zip_file] -> S.NO. 30 :: FILE NAME = TRAIN2017/000000511141.JPG :: SIZE = 207.49 KB
05-12-2021 16:10:43.871162 -> [zip_file] -> S.NO. 31 :: FILE NAME = TRAIN2017/000000228974.JPG :: SIZE = 150.3 KB
05-12-2021 16:10:43.874155 -> [zip_file] -> S.NO. 32 :: FILE NAME = TRAIN2017/000000092658.JPG :: SIZE = 208.24 KB
05-12-2021 16:10:43.876152 -> [zip_file] -> S.NO. 33 :: FILE NAME = TRAIN2017/000000528299.JPG :: SIZE = 182.32 KB
05-12-2021 16:10:43.878145 -> [zip_file] -> S.NO. 34 :: FILE NAME = TRAIN2017/000000494811.JPG :: SIZE = 91.58 KB
05-12-2021 16:10:43.880138 -> [zip_file] -> S.NO. 35 :: FILE NAME = TRAIN2017/000000063873.JPG :: SIZE = 334.57 KB
05-12-2021 16:10:43.882133 -> [zip_file] -> S.NO. 36 :: FILE NAME = TRAIN2017/000000156073.JPG :: SIZE = 212.42 KB
05-12-2021 16:10:43.885131 -> [zip_file] -> S.NO. 37 :: FILE NAME = TRAIN2017/000000406342.JPG :: SIZE = 193.75 KB
05-12-2021 16:10:43.892120 -> [zip_file] -> S.NO. 38 :: FILE NAME = TRAIN2017/000000126288.JPG :: SIZE = 238.44 KB
05-12-2021 16:10:43.898091 -> [zip_file] -> S.NO. 39 :: FILE NAME = TRAIN2017/000000550547.JPG :: SIZE = 235.83 KB
05-12-2021 16:10:43.904075 -> [zip_file] -> S.NO. 40 :: FILE NAME = TRAIN2017/000000420414.JPG :: SIZE = 202.01 KB
05-12-2021 16:10:43.907067 -> [zip_file] -> S.NO. 41 :: FILE NAME = TRAIN2017/000000240755.JPG :: SIZE = 88.35 KB
05-12-2021 16:10:43.909063 -> [zip_file] -> S.NO. 42 :: FILE NAME = TRAIN2017/000000218357.JPG :: SIZE = 90.5 KB
05-12-2021 16:10:43.911073 -> [zip_file] -> S.NO. 43 :: FILE NAME = TRAIN2017/000000209073.JPG :: SIZE = 105.31 KB
05-12-2021 16:10:43.913050 -> [zip_file] -> S.NO. 44 :: FILE NAME = TRAIN2017/000000250607.JPG :: SIZE = 165.36 KB
05-12-2021 16:10:43.914048 -> [zip_file] -> S.NO. 45 :: FILE NAME = TRAIN2017/000000327818.JPG :: SIZE = 194.0 KB
05-12-2021 16:10:43.920033 -> [zip_file] -> S.NO. 46 :: FILE NAME = TRAIN2017/000000175111.JPG :: SIZE = 132.69 KB
05-12-2021 16:10:43.923035 -> [zip_file] -> S.NO. 47 :: FILE NAME = TRAIN2017/000000242755.JPG :: SIZE = 100.86 KB
05-12-2021 16:10:43.928015 -> [zip_file] -> S.NO. 48 :: FILE NAME = TRAIN2017/000000236173.JPG :: SIZE = 87.86 KB
05-12-2021 16:10:43.930005 -> [zip_file] -> S.NO. 49 :: FILE NAME = TRAIN2017/000000460918.JPG :: SIZE = 177.35 KB
05-12-2021 16:10:43.934999 -> [zip_file] -> S.NO. 50 :: FILE NAME = TRAIN2017/000000029716.JPG :: SIZE = 272.16 KB
05-12-2021 16:10:43.940081 -> [zip_file] -> ..........
05-12-2021 16:10:43.942078 -> [zip_file] -> ..........
05-12-2021 16:10:43.944073 -> [zip_file] -> ..........
05-12-2021 16:10:43.946067 -> [zip_file] -> S.NO. 118288 :: FILE NAME = TRAIN2017/000000564481.JPG :: SIZE = 86.72 KB
05-12-2021 16:10:43.950065 -> [zip_file] -> EXTRACTING FILES AT E:/1_PYTHON_PROJECT\EDA_ODD\DATA\COCO
05-12-2021 16:10:43.955874 -> [zip_file] -> EXTRACTION START
05-12-2021 16:51:11.566836 -> [zip_file] -> EXTRACTION STOP
05-12-2021 16:51:11.706101 -> [zip_file] -> STOP
05-12-2021 16:51:13.295923 -> [main] -> DATASET EXTRACTOR STOP
