08-12-2021 13:57:50.417142 -> [main] -> START
08-12-2021 13:57:50.418142 -> [main] -> DIRECTORY STRUCTURE CHECK START
08-12-2021 13:57:50.418142 -> [dir_structure_generator] -> START
08-12-2021 13:57:50.419139 -> [dir_structure_generator] -> MAIN DIRECTORY PRESENT
08-12-2021 13:57:50.419139 -> [dir_structure_generator] -> SUB DIRECTORY DIR_TEST PRESENT
08-12-2021 13:57:50.420138 -> [dir_structure_generator] -> SUB DIRECTORY DIR_DATA PRESENT
08-12-2021 13:57:50.420138 -> [dir_structure_generator] -> SUB DIRECTORY DIR_CODE PRESENT
08-12-2021 13:57:50.421134 -> [dir_structure_generator] -> SUB DIRECTORY DIR_LOGS PRESENT
08-12-2021 13:57:50.422133 -> [dir_structure_generator] -> SUB DIRECTORY DIR_DOCS CREATED
08-12-2021 13:57:50.424473 -> [dir_structure_generator] -> SUB DIRECTORY DIR_DOCS_RESEARCH CREATED
08-12-2021 13:57:50.424473 -> [dir_structure_generator] -> STOP
08-12-2021 13:57:50.425268 -> [main] -> DIRECTORY STRUCTURE CHECK STOP
08-12-2021 13:57:50.426268 -> [main] -> DATASET DOWNLOADER START
08-12-2021 13:57:50.426268 -> [dataset_downloader] -> START
08-12-2021 13:57:50.427263 -> [dataset_downloader] -> NUMBER DATASETS TO BE DOWNLOADED : 7
08-12-2021 13:57:50.427263 -> [dataset_downloader] -> NAME OF DATASETS TO BE DOWNLOADED : ['COCO', 'IMAGENET', 'STANFORD_DOGS', 'BDD100K', 'OXFORD_PET', 'POTHOLE_DETECTION', 'LOGO_DETECTION']
08-12-2021 13:57:50.428261 -> [dataset_downloader] -> DOWNLOAD COCO DATASET
08-12-2021 13:57:50.430256 -> [dataset_downloader] -> COCO DIRECTORY CREATED
08-12-2021 13:57:50.434246 -> [dataset_downloader] -> REQUESTING DATA
08-12-2021 13:57:51.305542 -> [dataset_downloader] -> DATA INFO RECEIVED
08-12-2021 13:57:51.307413 -> [dataset_downloader] -> NAME = COCO
08-12-2021 13:57:51.309411 -> [dataset_downloader] -> SAVE LOCATION = E:/1_PYTHON_PROJECT\EDA_ODD\DATA\COCO\TRAIN2017.ZIP
08-12-2021 13:57:51.310409 -> [dataset_downloader] -> DATASET SIZE = 18.0087890625 GB
08-12-2021 13:57:51.312363 -> [dataset_downloader] -> DOWNLOAD START
08-12-2021 14:02:06.398221 -> [main] -> START
08-12-2021 14:02:07.005411 -> [main] -> DIRECTORY STRUCTURE CHECK START
08-12-2021 14:02:07.614240 -> [dir_structure_generator] -> START
08-12-2021 14:02:08.221169 -> [dir_structure_generator] -> MAIN DIRECTORY PRESENT
08-12-2021 14:02:08.829600 -> [dir_structure_generator] -> SUB DIRECTORY DIR_TEST PRESENT
08-12-2021 14:02:09.432933 -> [dir_structure_generator] -> SUB DIRECTORY DIR_DATA PRESENT
08-12-2021 14:02:10.039889 -> [dir_structure_generator] -> SUB DIRECTORY DIR_CODE PRESENT
08-12-2021 14:02:10.647126 -> [dir_structure_generator] -> SUB DIRECTORY DIR_LOGS PRESENT
08-12-2021 14:02:11.255393 -> [dir_structure_generator] -> SUB DIRECTORY DIR_DOCS CREATED
08-12-2021 14:02:11.864579 -> [dir_structure_generator] -> SUB DIRECTORY DIR_DOCS_RESEARCH CREATED
08-12-2021 14:02:12.476421 -> [dir_structure_generator] -> STOP
08-12-2021 14:02:13.086483 -> [main] -> DIRECTORY STRUCTURE CHECK STOP
08-12-2021 14:02:13.701146 -> [main] -> DATASET DOWNLOADER START
08-12-2021 14:02:14.314359 -> [dataset_downloader] -> START
08-12-2021 14:02:14.925431 -> [dataset_downloader] -> NUMBER DATASETS TO BE DOWNLOADED : 7
08-12-2021 14:02:15.533383 -> [dataset_downloader] -> NAME OF DATASETS TO BE DOWNLOADED : ['COCO', 'IMAGENET', 'STANFORD_DOGS', 'BDD100K', 'OXFORD_PET', 'POTHOLE_DETECTION', 'LOGO_DETECTION']
08-12-2021 14:02:16.146133 -> [dataset_downloader] -> DOWNLOAD COCO DATASET
08-12-2021 14:02:16.761485 -> [dataset_downloader] -> COCO DIRECTORY CREATED
08-12-2021 14:02:17.371433 -> [dataset_downloader] -> REQUESTING DATA
08-12-2021 14:02:18.652457 -> [dataset_downloader] -> DATA INFO RECEIVED
08-12-2021 14:02:19.254486 -> [dataset_downloader] -> NAME = COCO
08-12-2021 14:02:19.867327 -> [dataset_downloader] -> SAVE LOCATION = E:/1_PYTHON_PROJECT\EDA_ODD\DATA\COCO\TRAIN2017.ZIP
08-12-2021 14:02:20.479712 -> [dataset_downloader] -> DATASET SIZE = 18.0087890625 GB
08-12-2021 14:02:21.091019 -> [dataset_downloader] -> DOWNLOAD START
08-12-2021 15:03:05.494019 -> [dataset_downloader] -> DOWNLOAD COMPLETE
08-12-2021 15:03:06.786644 -> [dataset_downloader] -> COCO DIRECTORY ALREADY PRESENT
08-12-2021 15:03:07.400529 -> [dataset_downloader] -> REQUESTING DATA
08-12-2021 15:03:08.853969 -> [dataset_downloader] -> DATA INFO RECEIVED
08-12-2021 15:03:09.460750 -> [dataset_downloader] -> NAME = COCO
08-12-2021 15:03:10.068142 -> [dataset_downloader] -> SAVE LOCATION = E:/1_PYTHON_PROJECT\EDA_ODD\DATA\COCO\ANNOTATIONS_TRAINVAL2017.ZIP
08-12-2021 15:03:10.668302 -> [dataset_downloader] -> DATASET SIZE = 0.2353515625 GB
08-12-2021 15:03:11.281858 -> [dataset_downloader] -> DOWNLOAD START
08-12-2021 15:04:01.397221 -> [dataset_downloader] -> DOWNLOAD COMPLETE
08-12-2021 15:04:02.005542 -> [dataset_downloader] -> DOWNLOAD COCO DATASET COMPLETE
08-12-2021 15:04:02.620793 -> [dataset_downloader] -> DOWNLOAD IMAGENET DATASET
08-12-2021 15:04:03.235435 -> [dataset_downloader] -> IMAGENET DIRECTORY ALREADY PRESENT
08-12-2021 15:04:03.849652 -> [dataset_downloader] -> IMAGENET DATASET IMAGENET21K_RESIZED.TAR.GZ FILE ALREADY PRESENT
08-12-2021 15:04:04.464508 -> [dataset_downloader] -> DOWNLOAD IMAGENET DATASET COMPLETE
08-12-2021 15:04:05.077238 -> [dataset_downloader] -> DOWNLOAD STANFORD_DOGS DATASET
08-12-2021 15:04:05.678998 -> [dataset_downloader] -> STANFORD_DOGS DIRECTORY ALREADY PRESENT
08-12-2021 15:04:06.288861 -> [dataset_downloader] -> STANFORD_DOGS DATASET IMAGES.TAR FILE ALREADY PRESENT
08-12-2021 15:04:06.899323 -> [dataset_downloader] -> STANFORD_DOGS DIRECTORY ALREADY PRESENT
08-12-2021 15:04:07.514145 -> [dataset_downloader] -> STANFORD_DOGS DATASET ANNOTATION.TAR FILE ALREADY PRESENT
08-12-2021 15:04:08.126679 -> [dataset_downloader] -> DOWNLOAD STANFORD_DOGS DATASET COMPLETE
08-12-2021 15:04:08.740107 -> [dataset_downloader] -> DOWNLOAD BDD100K DATASET
08-12-2021 15:04:09.350902 -> [dataset_downloader] -> BDD100K DIRECTORY ALREADY PRESENT
08-12-2021 15:04:09.965660 -> [dataset_downloader] -> BDD100K DATASET BDD100K_VIDEOS.ZIP FILE ALREADY PRESENT
08-12-2021 15:04:10.578112 -> [dataset_downloader] -> DOWNLOAD BDD100K DATASET COMPLETE
08-12-2021 15:04:11.193255 -> [dataset_downloader] -> DOWNLOAD OXFORD_PET DATASET
08-12-2021 15:04:11.807477 -> [dataset_downloader] -> OXFORD_PET DIRECTORY ALREADY PRESENT
08-12-2021 15:04:12.418481 -> [dataset_downloader] -> REQUESTING DATA
08-12-2021 15:04:13.601690 -> [dataset_downloader] -> DATA REQUEST FAILED
08-12-2021 15:04:14.203188 -> [dataset_downloader] -> DOWNLOAD OXFORD_PET DATASET COMPLETE
08-12-2021 15:04:14.814073 -> [dataset_downloader] -> DOWNLOAD POTHOLE_DETECTION DATASET
08-12-2021 15:04:15.427844 -> [dataset_downloader] -> POTHOLE_DETECTION DIRECTORY ALREADY PRESENT
08-12-2021 15:04:16.029408 -> [dataset_downloader] -> REQUESTING DATA
08-12-2021 15:04:17.146364 -> [dataset_downloader] -> DATA REQUEST FAILED
08-12-2021 15:04:17.760446 -> [dataset_downloader] -> DOWNLOAD POTHOLE_DETECTION DATASET COMPLETE
08-12-2021 15:04:18.373283 -> [dataset_downloader] -> DOWNLOAD LOGO_DETECTION DATASET
08-12-2021 15:04:18.986090 -> [dataset_downloader] -> LOGO_DETECTION DIRECTORY ALREADY PRESENT
08-12-2021 15:04:19.601678 -> [dataset_downloader] -> LOGO_DETECTION DATASET LOGODET-3K.ZIP FILE ALREADY PRESENT
08-12-2021 15:04:20.216029 -> [dataset_downloader] -> DOWNLOAD LOGO_DETECTION DATASET COMPLETE
08-12-2021 15:04:20.818420 -> [dataset_downloader] -> STOP
08-12-2021 15:04:21.434281 -> [main] -> DATASET DOWNLOADER STOP
08-12-2021 15:04:22.043844 -> [main] -> DATASET EXTRACTOR START
08-12-2021 15:04:22.658010 -> [main] -> SELECTED DATASET LOCATION : E:/1_PYTHON_PROJECT\EDA_ODD\DATA\COCO
08-12-2021 15:04:23.271541 -> [main] -> CURRENT FILE : ANNOTATIONS_TRAINVAL2017.ZIP
08-12-2021 15:04:23.886244 -> [main] -> CHECKING FILE TYPE
08-12-2021 15:04:24.496185 -> [main] -> FILE TYPE : ZIP
08-12-2021 15:04:25.111356 -> [zip_file] -> START
08-12-2021 15:04:25.734790 -> [zip_file] -> NUMBER OF FILES INSIDE = 6
08-12-2021 15:04:26.344979 -> [zip_file] -> FILES INFO : 
08-12-2021 15:04:26.959457 -> [zip_file] -> S.NO. 1 :: FILE NAME = ANNOTATIONS/INSTANCES_TRAIN2017.JSON :: SIZE = 458774.88 KB
08-12-2021 15:04:27.571410 -> [zip_file] -> S.NO. 2 :: FILE NAME = ANNOTATIONS/INSTANCES_VAL2017.JSON :: SIZE = 19519.38 KB
08-12-2021 15:04:28.174445 -> [zip_file] -> S.NO. 3 :: FILE NAME = ANNOTATIONS/CAPTIONS_TRAIN2017.JSON :: SIZE = 89712.03 KB
08-12-2021 15:04:28.790493 -> [zip_file] -> S.NO. 4 :: FILE NAME = ANNOTATIONS/CAPTIONS_VAL2017.JSON :: SIZE = 3781.71 KB
08-12-2021 15:04:29.405497 -> [zip_file] -> S.NO. 5 :: FILE NAME = ANNOTATIONS/PERSON_KEYPOINTS_TRAIN2017.JSON :: SIZE = 233285.87 KB
08-12-2021 15:04:30.020592 -> [zip_file] -> S.NO. 6 :: FILE NAME = ANNOTATIONS/PERSON_KEYPOINTS_VAL2017.JSON :: SIZE = 9785.8 KB
08-12-2021 15:04:30.629696 -> [zip_file] -> EXTRACTING FILES AT E:/1_PYTHON_PROJECT\EDA_ODD\DATA\COCO
08-12-2021 15:04:31.232774 -> [zip_file] -> EXTRACTION START
08-12-2021 15:04:37.015932 -> [zip_file] -> EXTRACTION STOP
08-12-2021 15:04:37.617772 -> [zip_file] -> STOP
08-12-2021 15:04:38.230614 -> [main] -> CURRENT FILE : TRAIN2017.ZIP
08-12-2021 15:04:38.844071 -> [main] -> CHECKING FILE TYPE
08-12-2021 15:04:39.452875 -> [main] -> FILE TYPE : ZIP
08-12-2021 15:04:40.062145 -> [zip_file] -> START
08-12-2021 15:04:42.024941 -> [zip_file] -> NUMBER OF FILES INSIDE = 118288
08-12-2021 15:04:42.637783 -> [zip_file] -> FILES INFO : 
08-12-2021 15:04:43.247216 -> [zip_file] -> S.NO. 1 :: FILE NAME = TRAIN2017/ :: SIZE = 0.0 KB
08-12-2021 15:04:43.861265 -> [zip_file] -> S.NO. 2 :: FILE NAME = TRAIN2017/000000147328.JPG :: SIZE = 284.01 KB
08-12-2021 15:04:44.471908 -> [zip_file] -> S.NO. 3 :: FILE NAME = TRAIN2017/000000414738.JPG :: SIZE = 114.21 KB
08-12-2021 15:04:45.084562 -> [zip_file] -> S.NO. 4 :: FILE NAME = TRAIN2017/000000281563.JPG :: SIZE = 108.61 KB
08-12-2021 15:04:45.699064 -> [zip_file] -> S.NO. 5 :: FILE NAME = TRAIN2017/000000063879.JPG :: SIZE = 88.13 KB
08-12-2021 15:04:46.299456 -> [zip_file] -> S.NO. 6 :: FILE NAME = TRAIN2017/000000531349.JPG :: SIZE = 207.0 KB
08-12-2021 15:04:46.911814 -> [zip_file] -> S.NO. 7 :: FILE NAME = TRAIN2017/000000340329.JPG :: SIZE = 158.87 KB
08-12-2021 15:04:47.523185 -> [zip_file] -> S.NO. 8 :: FILE NAME = TRAIN2017/000000182236.JPG :: SIZE = 97.4 KB
08-12-2021 15:04:48.136686 -> [zip_file] -> S.NO. 9 :: FILE NAME = TRAIN2017/000000326820.JPG :: SIZE = 189.76 KB
08-12-2021 15:04:48.747377 -> [zip_file] -> S.NO. 10 :: FILE NAME = TRAIN2017/000000149364.JPG :: SIZE = 282.35 KB
08-12-2021 15:04:49.361794 -> [zip_file] -> S.NO. 11 :: FILE NAME = TRAIN2017/000000166598.JPG :: SIZE = 130.13 KB
08-12-2021 15:04:49.975540 -> [zip_file] -> S.NO. 12 :: FILE NAME = TRAIN2017/000000424792.JPG :: SIZE = 75.99 KB
08-12-2021 15:04:50.590355 -> [zip_file] -> S.NO. 13 :: FILE NAME = TRAIN2017/000000178388.JPG :: SIZE = 96.23 KB
08-12-2021 15:04:51.202840 -> [zip_file] -> S.NO. 14 :: FILE NAME = TRAIN2017/000000568154.JPG :: SIZE = 194.94 KB
08-12-2021 15:04:51.812255 -> [zip_file] -> S.NO. 15 :: FILE NAME = TRAIN2017/000000268150.JPG :: SIZE = 129.33 KB
08-12-2021 15:04:52.426966 -> [zip_file] -> S.NO. 16 :: FILE NAME = TRAIN2017/000000138473.JPG :: SIZE = 69.67 KB
08-12-2021 15:04:53.040848 -> [zip_file] -> S.NO. 17 :: FILE NAME = TRAIN2017/000000382699.JPG :: SIZE = 156.75 KB
08-12-2021 15:04:53.653244 -> [zip_file] -> S.NO. 18 :: FILE NAME = TRAIN2017/000000493952.JPG :: SIZE = 173.02 KB
08-12-2021 15:04:54.264414 -> [zip_file] -> S.NO. 19 :: FILE NAME = TRAIN2017/000000348522.JPG :: SIZE = 82.87 KB
08-12-2021 15:04:54.878780 -> [zip_file] -> S.NO. 20 :: FILE NAME = TRAIN2017/000000066862.JPG :: SIZE = 63.3 KB
08-12-2021 15:04:55.493313 -> [zip_file] -> S.NO. 21 :: FILE NAME = TRAIN2017/000000024457.JPG :: SIZE = 91.7 KB
08-12-2021 15:04:56.109760 -> [zip_file] -> S.NO. 22 :: FILE NAME = TRAIN2017/000000160437.JPG :: SIZE = 325.5 KB
08-12-2021 15:04:56.719890 -> [zip_file] -> S.NO. 23 :: FILE NAME = TRAIN2017/000000487414.JPG :: SIZE = 207.83 KB
08-12-2021 15:04:57.335087 -> [zip_file] -> S.NO. 24 :: FILE NAME = TRAIN2017/000000329541.JPG :: SIZE = 130.77 KB
08-12-2021 15:04:57.951414 -> [zip_file] -> S.NO. 25 :: FILE NAME = TRAIN2017/000000092064.JPG :: SIZE = 189.72 KB
08-12-2021 15:04:58.563114 -> [zip_file] -> S.NO. 26 :: FILE NAME = TRAIN2017/000000281262.JPG :: SIZE = 187.58 KB
08-12-2021 15:04:59.173310 -> [zip_file] -> S.NO. 27 :: FILE NAME = TRAIN2017/000000145337.JPG :: SIZE = 190.35 KB
08-12-2021 15:04:59.785498 -> [zip_file] -> S.NO. 28 :: FILE NAME = TRAIN2017/000000372147.JPG :: SIZE = 118.87 KB
08-12-2021 15:05:00.400542 -> [zip_file] -> S.NO. 29 :: FILE NAME = TRAIN2017/000000559184.JPG :: SIZE = 128.74 KB
08-12-2021 15:05:01.013162 -> [zip_file] -> S.NO. 30 :: FILE NAME = TRAIN2017/000000511141.JPG :: SIZE = 207.49 KB
08-12-2021 15:05:01.624346 -> [zip_file] -> S.NO. 31 :: FILE NAME = TRAIN2017/000000228974.JPG :: SIZE = 150.3 KB
08-12-2021 15:05:02.235920 -> [zip_file] -> S.NO. 32 :: FILE NAME = TRAIN2017/000000092658.JPG :: SIZE = 208.24 KB
08-12-2021 15:05:02.850991 -> [zip_file] -> S.NO. 33 :: FILE NAME = TRAIN2017/000000528299.JPG :: SIZE = 182.32 KB
08-12-2021 15:05:03.462026 -> [zip_file] -> S.NO. 34 :: FILE NAME = TRAIN2017/000000494811.JPG :: SIZE = 91.58 KB
08-12-2021 15:05:04.075277 -> [zip_file] -> S.NO. 35 :: FILE NAME = TRAIN2017/000000063873.JPG :: SIZE = 334.57 KB
08-12-2021 15:05:04.689829 -> [zip_file] -> S.NO. 36 :: FILE NAME = TRAIN2017/000000156073.JPG :: SIZE = 212.42 KB
08-12-2021 15:05:05.303447 -> [zip_file] -> S.NO. 37 :: FILE NAME = TRAIN2017/000000406342.JPG :: SIZE = 193.75 KB
08-12-2021 15:05:05.914079 -> [zip_file] -> S.NO. 38 :: FILE NAME = TRAIN2017/000000126288.JPG :: SIZE = 238.44 KB
08-12-2021 15:05:06.524030 -> [zip_file] -> S.NO. 39 :: FILE NAME = TRAIN2017/000000550547.JPG :: SIZE = 235.83 KB
08-12-2021 15:05:07.136704 -> [zip_file] -> S.NO. 40 :: FILE NAME = TRAIN2017/000000420414.JPG :: SIZE = 202.01 KB
08-12-2021 15:05:07.739403 -> [zip_file] -> S.NO. 41 :: FILE NAME = TRAIN2017/000000240755.JPG :: SIZE = 88.35 KB
08-12-2021 15:05:08.340094 -> [zip_file] -> S.NO. 42 :: FILE NAME = TRAIN2017/000000218357.JPG :: SIZE = 90.5 KB
08-12-2021 15:05:08.955162 -> [zip_file] -> S.NO. 43 :: FILE NAME = TRAIN2017/000000209073.JPG :: SIZE = 105.31 KB
08-12-2021 15:05:09.570158 -> [zip_file] -> S.NO. 44 :: FILE NAME = TRAIN2017/000000250607.JPG :: SIZE = 165.36 KB
08-12-2021 15:05:10.171761 -> [zip_file] -> S.NO. 45 :: FILE NAME = TRAIN2017/000000327818.JPG :: SIZE = 194.0 KB
08-12-2021 15:05:10.787786 -> [zip_file] -> S.NO. 46 :: FILE NAME = TRAIN2017/000000175111.JPG :: SIZE = 132.69 KB
08-12-2021 15:05:11.399891 -> [zip_file] -> S.NO. 47 :: FILE NAME = TRAIN2017/000000242755.JPG :: SIZE = 100.86 KB
08-12-2021 15:05:12.011597 -> [zip_file] -> S.NO. 48 :: FILE NAME = TRAIN2017/000000236173.JPG :: SIZE = 87.86 KB
08-12-2021 15:05:12.622262 -> [zip_file] -> S.NO. 49 :: FILE NAME = TRAIN2017/000000460918.JPG :: SIZE = 177.35 KB
08-12-2021 15:05:13.233015 -> [zip_file] -> S.NO. 50 :: FILE NAME = TRAIN2017/000000029716.JPG :: SIZE = 272.16 KB
08-12-2021 15:05:13.848928 -> [zip_file] -> ..........
08-12-2021 15:05:14.460245 -> [zip_file] -> ..........
08-12-2021 15:05:15.071938 -> [zip_file] -> ..........
08-12-2021 15:05:15.685556 -> [zip_file] -> S.NO. 118288 :: FILE NAME = TRAIN2017/000000564481.JPG :: SIZE = 86.72 KB
08-12-2021 15:05:16.298857 -> [zip_file] -> EXTRACTING FILES AT E:/1_PYTHON_PROJECT\EDA_ODD\DATA\COCO
08-12-2021 15:05:16.911504 -> [zip_file] -> EXTRACTION START
08-12-2021 17:18:10.821071 -> [main] -> START
08-12-2021 17:18:11.284874 -> [main] -> DIRECTORY STRUCTURE CHECK START
08-12-2021 17:18:11.749190 -> [dir_structure_generator] -> START
08-12-2021 17:18:12.216022 -> [dir_structure_generator] -> MAIN DIRECTORY PRESENT
08-12-2021 17:18:12.683718 -> [dir_structure_generator] -> SUB DIRECTORY DIR_TEST PRESENT
08-12-2021 17:18:13.144844 -> [dir_structure_generator] -> SUB DIRECTORY DIR_DATA PRESENT
08-12-2021 17:18:13.608683 -> [dir_structure_generator] -> SUB DIRECTORY DIR_CODE PRESENT
08-12-2021 17:18:14.078482 -> [dir_structure_generator] -> SUB DIRECTORY DIR_LOGS PRESENT
08-12-2021 17:18:14.543055 -> [dir_structure_generator] -> SUB DIRECTORY DIR_DOCS CREATED
08-12-2021 17:18:15.011698 -> [dir_structure_generator] -> SUB DIRECTORY DIR_DOCS_RESEARCH CREATED
08-12-2021 17:18:15.476154 -> [dir_structure_generator] -> STOP
08-12-2021 17:18:15.946303 -> [main] -> DIRECTORY STRUCTURE CHECK STOP
08-12-2021 17:18:16.407803 -> [main] -> DATASET DOWNLOADER START
08-12-2021 17:18:16.875946 -> [dataset_downloader] -> START
08-12-2021 17:18:17.340592 -> [dataset_downloader] -> NUMBER DATASETS TO BE DOWNLOADED : 7
08-12-2021 17:18:17.806719 -> [dataset_downloader] -> NAME OF DATASETS TO BE DOWNLOADED : ['COCO', 'IMAGENET', 'STANFORD_DOGS', 'BDD100K', 'OXFORD_PET', 'POTHOLE_DETECTION', 'LOGO_DETECTION']
08-12-2021 17:18:18.270463 -> [dataset_downloader] -> DOWNLOAD COCO DATASET
08-12-2021 17:18:18.736260 -> [dataset_downloader] -> COCO DIRECTORY CREATED
08-12-2021 17:18:19.201452 -> [dataset_downloader] -> REQUESTING DATA
08-12-2021 17:18:20.737818 -> [dataset_downloader] -> DATA INFO RECEIVED
08-12-2021 17:18:21.201877 -> [dataset_downloader] -> NAME = COCO
08-12-2021 17:18:21.670014 -> [dataset_downloader] -> SAVE LOCATION = E:/1_PYTHON_PROJECT\EDA_ODD\DATA\COCO\TRAIN2017.ZIP
08-12-2021 17:18:22.137122 -> [dataset_downloader] -> DATASET SIZE = 18.0087890625 GB
08-12-2021 17:18:22.606182 -> [dataset_downloader] -> DOWNLOAD START
08-12-2021 18:01:20.304541 -> [dataset_downloader] -> DOWNLOAD COMPLETE
08-12-2021 18:01:21.121808 -> [dataset_downloader] -> COCO DIRECTORY ALREADY PRESENT
08-12-2021 18:01:21.584565 -> [dataset_downloader] -> REQUESTING DATA
08-12-2021 18:01:23.009797 -> [dataset_downloader] -> DATA INFO RECEIVED
08-12-2021 18:01:23.475905 -> [dataset_downloader] -> NAME = COCO
08-12-2021 18:01:23.941284 -> [dataset_downloader] -> SAVE LOCATION = E:/1_PYTHON_PROJECT\EDA_ODD\DATA\COCO\ANNOTATIONS_TRAINVAL2017.ZIP
08-12-2021 18:01:24.409570 -> [dataset_downloader] -> DATASET SIZE = 0.2353515625 GB
08-12-2021 18:01:24.876967 -> [dataset_downloader] -> DOWNLOAD START
08-12-2021 18:02:24.366631 -> [dataset_downloader] -> DOWNLOAD COMPLETE
08-12-2021 18:02:24.821269 -> [dataset_downloader] -> DOWNLOAD COCO DATASET COMPLETE
08-12-2021 18:02:25.283750 -> [dataset_downloader] -> DOWNLOAD IMAGENET DATASET
08-12-2021 18:02:25.749191 -> [dataset_downloader] -> IMAGENET DIRECTORY ALREADY PRESENT
08-12-2021 18:02:26.215283 -> [dataset_downloader] -> IMAGENET DATASET IMAGENET21K_RESIZED.TAR.GZ FILE ALREADY PRESENT
08-12-2021 18:02:26.676373 -> [dataset_downloader] -> DOWNLOAD IMAGENET DATASET COMPLETE
08-12-2021 18:02:27.143933 -> [dataset_downloader] -> DOWNLOAD STANFORD_DOGS DATASET
08-12-2021 18:02:27.610108 -> [dataset_downloader] -> STANFORD_DOGS DIRECTORY ALREADY PRESENT
08-12-2021 18:02:28.076453 -> [dataset_downloader] -> STANFORD_DOGS DATASET IMAGES.TAR FILE ALREADY PRESENT
08-12-2021 18:02:28.544754 -> [dataset_downloader] -> STANFORD_DOGS DIRECTORY ALREADY PRESENT
08-12-2021 18:02:29.011266 -> [dataset_downloader] -> STANFORD_DOGS DATASET ANNOTATION.TAR FILE ALREADY PRESENT
08-12-2021 18:02:29.479261 -> [dataset_downloader] -> DOWNLOAD STANFORD_DOGS DATASET COMPLETE
08-12-2021 18:02:29.944973 -> [dataset_downloader] -> DOWNLOAD BDD100K DATASET
08-12-2021 18:02:30.409676 -> [dataset_downloader] -> BDD100K DIRECTORY ALREADY PRESENT
08-12-2021 18:02:30.875056 -> [dataset_downloader] -> BDD100K DATASET BDD100K_VIDEOS.ZIP FILE ALREADY PRESENT
08-12-2021 18:02:31.340627 -> [dataset_downloader] -> DOWNLOAD BDD100K DATASET COMPLETE
08-12-2021 18:02:31.810357 -> [dataset_downloader] -> DOWNLOAD OXFORD_PET DATASET
08-12-2021 18:02:32.275963 -> [dataset_downloader] -> OXFORD_PET DIRECTORY ALREADY PRESENT
08-12-2021 18:02:32.743359 -> [dataset_downloader] -> REQUESTING DATA
08-12-2021 18:02:33.961912 -> [dataset_downloader] -> DATA REQUEST FAILED
08-12-2021 18:02:34.420509 -> [dataset_downloader] -> DOWNLOAD OXFORD_PET DATASET COMPLETE
08-12-2021 18:02:34.883947 -> [dataset_downloader] -> DOWNLOAD POTHOLE_DETECTION DATASET
08-12-2021 18:02:35.350700 -> [dataset_downloader] -> POTHOLE_DETECTION DIRECTORY ALREADY PRESENT
08-12-2021 18:02:35.817848 -> [dataset_downloader] -> REQUESTING DATA
08-12-2021 18:02:37.035046 -> [dataset_downloader] -> DATA REQUEST FAILED
08-12-2021 18:02:37.499294 -> [dataset_downloader] -> DOWNLOAD POTHOLE_DETECTION DATASET COMPLETE
08-12-2021 18:02:37.962115 -> [dataset_downloader] -> DOWNLOAD LOGO_DETECTION DATASET
08-12-2021 18:02:38.430999 -> [dataset_downloader] -> LOGO_DETECTION DIRECTORY ALREADY PRESENT
08-12-2021 18:02:38.897601 -> [dataset_downloader] -> LOGO_DETECTION DATASET LOGODET-3K.ZIP FILE ALREADY PRESENT
08-12-2021 18:02:39.364840 -> [dataset_downloader] -> DOWNLOAD LOGO_DETECTION DATASET COMPLETE
08-12-2021 18:02:39.830344 -> [dataset_downloader] -> STOP
08-12-2021 18:02:40.308469 -> [main] -> DATASET DOWNLOADER STOP
08-12-2021 18:02:40.778472 -> [main] -> DATASET EXTRACTOR START
08-12-2021 18:02:41.243051 -> [main] -> SELECTED DATASET LOCATION : E:/1_PYTHON_PROJECT\EDA_ODD\DATA\COCO
08-12-2021 18:02:41.712369 -> [main] -> CURRENT FILE : ANNOTATIONS_TRAINVAL2017.ZIP
08-12-2021 18:02:42.181069 -> [main] -> CHECKING FILE TYPE
08-12-2021 18:02:42.645243 -> [main] -> FILE TYPE : ZIP
08-12-2021 18:02:43.111527 -> [zip_file] -> START
08-12-2021 18:02:43.601692 -> [zip_file] -> NUMBER OF FILES INSIDE = 6
08-12-2021 18:02:44.074187 -> [zip_file] -> FILES INFO : 
08-12-2021 18:02:44.540559 -> [zip_file] -> S.NO. 1 :: FILE NAME = ANNOTATIONS/INSTANCES_TRAIN2017.JSON :: SIZE = 458774.88 KB
08-12-2021 18:02:45.010097 -> [zip_file] -> S.NO. 2 :: FILE NAME = ANNOTATIONS/INSTANCES_VAL2017.JSON :: SIZE = 19519.38 KB
08-12-2021 18:02:45.488112 -> [zip_file] -> S.NO. 3 :: FILE NAME = ANNOTATIONS/CAPTIONS_TRAIN2017.JSON :: SIZE = 89712.03 KB
08-12-2021 18:02:45.955486 -> [zip_file] -> S.NO. 4 :: FILE NAME = ANNOTATIONS/CAPTIONS_VAL2017.JSON :: SIZE = 3781.71 KB
08-12-2021 18:02:46.423023 -> [zip_file] -> S.NO. 5 :: FILE NAME = ANNOTATIONS/PERSON_KEYPOINTS_TRAIN2017.JSON :: SIZE = 233285.87 KB
08-12-2021 18:02:46.890633 -> [zip_file] -> S.NO. 6 :: FILE NAME = ANNOTATIONS/PERSON_KEYPOINTS_VAL2017.JSON :: SIZE = 9785.8 KB
08-12-2021 18:02:47.356415 -> [zip_file] -> EXTRACTING FILES AT E:/1_PYTHON_PROJECT\EDA_ODD\DATA\COCO
08-12-2021 18:02:47.822389 -> [zip_file] -> EXTRACTION START
08-12-2021 18:02:59.757050 -> [zip_file] -> EXTRACTION STOP
08-12-2021 18:03:00.224334 -> [zip_file] -> STOP
08-12-2021 18:03:00.689886 -> [main] -> CURRENT FILE : TRAIN2017.ZIP
08-12-2021 18:03:01.153625 -> [main] -> CHECKING FILE TYPE
08-12-2021 18:03:01.617754 -> [main] -> FILE TYPE : ZIP
08-12-2021 18:03:02.081723 -> [zip_file] -> START
08-12-2021 18:03:07.220078 -> [zip_file] -> NUMBER OF FILES INSIDE = 118288
08-12-2021 18:03:07.691217 -> [zip_file] -> FILES INFO : 
08-12-2021 18:03:08.157609 -> [zip_file] -> S.NO. 1 :: FILE NAME = TRAIN2017/ :: SIZE = 0.0 KB
08-12-2021 18:03:08.622954 -> [zip_file] -> S.NO. 2 :: FILE NAME = TRAIN2017/000000147328.JPG :: SIZE = 284.01 KB
08-12-2021 18:03:09.089403 -> [zip_file] -> S.NO. 3 :: FILE NAME = TRAIN2017/000000414738.JPG :: SIZE = 114.21 KB
08-12-2021 18:03:09.552735 -> [zip_file] -> S.NO. 4 :: FILE NAME = TRAIN2017/000000281563.JPG :: SIZE = 108.61 KB
08-12-2021 18:03:10.018725 -> [zip_file] -> S.NO. 5 :: FILE NAME = TRAIN2017/000000063879.JPG :: SIZE = 88.13 KB
08-12-2021 18:03:10.488120 -> [zip_file] -> S.NO. 6 :: FILE NAME = TRAIN2017/000000531349.JPG :: SIZE = 207.0 KB
08-12-2021 18:03:10.953537 -> [zip_file] -> S.NO. 7 :: FILE NAME = TRAIN2017/000000340329.JPG :: SIZE = 158.87 KB
08-12-2021 18:03:11.418762 -> [zip_file] -> S.NO. 8 :: FILE NAME = TRAIN2017/000000182236.JPG :: SIZE = 97.4 KB
08-12-2021 18:03:11.886712 -> [zip_file] -> S.NO. 9 :: FILE NAME = TRAIN2017/000000326820.JPG :: SIZE = 189.76 KB
08-12-2021 18:03:12.348300 -> [zip_file] -> S.NO. 10 :: FILE NAME = TRAIN2017/000000149364.JPG :: SIZE = 282.35 KB
08-12-2021 18:03:12.815294 -> [zip_file] -> S.NO. 11 :: FILE NAME = TRAIN2017/000000166598.JPG :: SIZE = 130.13 KB
08-12-2021 18:03:13.277434 -> [zip_file] -> S.NO. 12 :: FILE NAME = TRAIN2017/000000424792.JPG :: SIZE = 75.99 KB
08-12-2021 18:03:13.743362 -> [zip_file] -> S.NO. 13 :: FILE NAME = TRAIN2017/000000178388.JPG :: SIZE = 96.23 KB
08-12-2021 18:03:14.211411 -> [zip_file] -> S.NO. 14 :: FILE NAME = TRAIN2017/000000568154.JPG :: SIZE = 194.94 KB
08-12-2021 18:03:14.681045 -> [zip_file] -> S.NO. 15 :: FILE NAME = TRAIN2017/000000268150.JPG :: SIZE = 129.33 KB
08-12-2021 18:03:15.148207 -> [zip_file] -> S.NO. 16 :: FILE NAME = TRAIN2017/000000138473.JPG :: SIZE = 69.67 KB
08-12-2021 18:03:15.615239 -> [zip_file] -> S.NO. 17 :: FILE NAME = TRAIN2017/000000382699.JPG :: SIZE = 156.75 KB
08-12-2021 18:03:16.079191 -> [zip_file] -> S.NO. 18 :: FILE NAME = TRAIN2017/000000493952.JPG :: SIZE = 173.02 KB
08-12-2021 18:03:16.543666 -> [zip_file] -> S.NO. 19 :: FILE NAME = TRAIN2017/000000348522.JPG :: SIZE = 82.87 KB
08-12-2021 18:03:17.009503 -> [zip_file] -> S.NO. 20 :: FILE NAME = TRAIN2017/000000066862.JPG :: SIZE = 63.3 KB
08-12-2021 18:03:17.477375 -> [zip_file] -> S.NO. 21 :: FILE NAME = TRAIN2017/000000024457.JPG :: SIZE = 91.7 KB
08-12-2021 18:03:17.943603 -> [zip_file] -> S.NO. 22 :: FILE NAME = TRAIN2017/000000160437.JPG :: SIZE = 325.5 KB
08-12-2021 18:03:18.408685 -> [zip_file] -> S.NO. 23 :: FILE NAME = TRAIN2017/000000487414.JPG :: SIZE = 207.83 KB
08-12-2021 18:03:18.877991 -> [zip_file] -> S.NO. 24 :: FILE NAME = TRAIN2017/000000329541.JPG :: SIZE = 130.77 KB
08-12-2021 18:03:19.350627 -> [zip_file] -> S.NO. 25 :: FILE NAME = TRAIN2017/000000092064.JPG :: SIZE = 189.72 KB
08-12-2021 18:03:19.820013 -> [zip_file] -> S.NO. 26 :: FILE NAME = TRAIN2017/000000281262.JPG :: SIZE = 187.58 KB
08-12-2021 18:03:20.285683 -> [zip_file] -> S.NO. 27 :: FILE NAME = TRAIN2017/000000145337.JPG :: SIZE = 190.35 KB
08-12-2021 18:03:20.750406 -> [zip_file] -> S.NO. 28 :: FILE NAME = TRAIN2017/000000372147.JPG :: SIZE = 118.87 KB
08-12-2021 18:03:21.218725 -> [zip_file] -> S.NO. 29 :: FILE NAME = TRAIN2017/000000559184.JPG :: SIZE = 128.74 KB
08-12-2021 18:03:21.681532 -> [zip_file] -> S.NO. 30 :: FILE NAME = TRAIN2017/000000511141.JPG :: SIZE = 207.49 KB
08-12-2021 18:03:22.150808 -> [zip_file] -> S.NO. 31 :: FILE NAME = TRAIN2017/000000228974.JPG :: SIZE = 150.3 KB
08-12-2021 18:03:22.618196 -> [zip_file] -> S.NO. 32 :: FILE NAME = TRAIN2017/000000092658.JPG :: SIZE = 208.24 KB
08-12-2021 18:03:23.084183 -> [zip_file] -> S.NO. 33 :: FILE NAME = TRAIN2017/000000528299.JPG :: SIZE = 182.32 KB
08-12-2021 18:03:23.550994 -> [zip_file] -> S.NO. 34 :: FILE NAME = TRAIN2017/000000494811.JPG :: SIZE = 91.58 KB
08-12-2021 18:03:24.012335 -> [zip_file] -> S.NO. 35 :: FILE NAME = TRAIN2017/000000063873.JPG :: SIZE = 334.57 KB
08-12-2021 18:03:24.475636 -> [zip_file] -> S.NO. 36 :: FILE NAME = TRAIN2017/000000156073.JPG :: SIZE = 212.42 KB
08-12-2021 18:03:24.943016 -> [zip_file] -> S.NO. 37 :: FILE NAME = TRAIN2017/000000406342.JPG :: SIZE = 193.75 KB
08-12-2021 18:03:25.410147 -> [zip_file] -> S.NO. 38 :: FILE NAME = TRAIN2017/000000126288.JPG :: SIZE = 238.44 KB
08-12-2021 18:03:25.878185 -> [zip_file] -> S.NO. 39 :: FILE NAME = TRAIN2017/000000550547.JPG :: SIZE = 235.83 KB
08-12-2021 18:03:26.346838 -> [zip_file] -> S.NO. 40 :: FILE NAME = TRAIN2017/000000420414.JPG :: SIZE = 202.01 KB
08-12-2021 18:03:26.812146 -> [zip_file] -> S.NO. 41 :: FILE NAME = TRAIN2017/000000240755.JPG :: SIZE = 88.35 KB
08-12-2021 18:03:27.275932 -> [zip_file] -> S.NO. 42 :: FILE NAME = TRAIN2017/000000218357.JPG :: SIZE = 90.5 KB
08-12-2021 18:03:27.743946 -> [zip_file] -> S.NO. 43 :: FILE NAME = TRAIN2017/000000209073.JPG :: SIZE = 105.31 KB
08-12-2021 18:03:28.209605 -> [zip_file] -> S.NO. 44 :: FILE NAME = TRAIN2017/000000250607.JPG :: SIZE = 165.36 KB
08-12-2021 18:03:28.670807 -> [zip_file] -> S.NO. 45 :: FILE NAME = TRAIN2017/000000327818.JPG :: SIZE = 194.0 KB
08-12-2021 18:03:29.134156 -> [zip_file] -> S.NO. 46 :: FILE NAME = TRAIN2017/000000175111.JPG :: SIZE = 132.69 KB
08-12-2021 18:03:29.598783 -> [zip_file] -> S.NO. 47 :: FILE NAME = TRAIN2017/000000242755.JPG :: SIZE = 100.86 KB
08-12-2021 18:03:30.068205 -> [zip_file] -> S.NO. 48 :: FILE NAME = TRAIN2017/000000236173.JPG :: SIZE = 87.86 KB
08-12-2021 18:03:30.533333 -> [zip_file] -> S.NO. 49 :: FILE NAME = TRAIN2017/000000460918.JPG :: SIZE = 177.35 KB
08-12-2021 18:03:30.997091 -> [zip_file] -> S.NO. 50 :: FILE NAME = TRAIN2017/000000029716.JPG :: SIZE = 272.16 KB
08-12-2021 18:03:31.474679 -> [zip_file] -> ..........
08-12-2021 18:03:31.942875 -> [zip_file] -> ..........
08-12-2021 18:03:32.412574 -> [zip_file] -> ..........
08-12-2021 18:03:32.880638 -> [zip_file] -> S.NO. 118288 :: FILE NAME = TRAIN2017/000000564481.JPG :: SIZE = 86.72 KB
08-12-2021 18:03:33.365516 -> [zip_file] -> EXTRACTING FILES AT E:/1_PYTHON_PROJECT\EDA_ODD\DATA\COCO
08-12-2021 18:03:33.875288 -> [zip_file] -> EXTRACTION START
08-12-2021 18:39:53.991191 -> [zip_file] -> EXTRACTION STOP
08-12-2021 18:39:54.495593 -> [zip_file] -> STOP
08-12-2021 18:39:55.158163 -> [main] -> DATASET EXTRACTOR STOP
