27-11-2021 01:42:07.330916 -> [main] -> START
27-11-2021 01:42:07.331908 -> [main] -> DIRECTORY STRUCTURE CHECK START
27-11-2021 01:42:07.332907 -> [dir_structure_generator] -> START
27-11-2021 01:42:07.333903 -> [dir_structure_generator] -> MAIN DIRECTORY PRESENT
27-11-2021 01:42:07.333903 -> [dir_structure_generator] -> SUB DIRECTORY DIR_TEST PRESENT
27-11-2021 01:42:07.334904 -> [dir_structure_generator] -> SUB DIRECTORY DIR_DATA CREATED
27-11-2021 01:42:07.335899 -> [dir_structure_generator] -> SUB DIRECTORY DIR_CODE PRESENT
27-11-2021 01:42:07.336897 -> [dir_structure_generator] -> SUB DIRECTORY DIR_LOGS PRESENT
27-11-2021 01:42:07.337891 -> [dir_structure_generator] -> SUB DIRECTORY DIR_DOCS CREATED
27-11-2021 01:42:07.338662 -> [dir_structure_generator] -> SUB DIRECTORY DIR_DOCS_RESEARCH CREATED
27-11-2021 01:42:07.338662 -> [dir_structure_generator] -> STOP
27-11-2021 01:42:07.339664 -> [main] -> DIRECTORY STRUCTURE CHECK STOP
27-11-2021 01:42:07.340661 -> [main] -> DATASET DOWNLOADER START
27-11-2021 01:42:07.340661 -> [dataset_downloader] -> START
27-11-2021 01:42:07.341658 -> [dataset_downloader] -> NUMBER DATASETS TO BE DOWNLOADED : 7
27-11-2021 01:42:07.341658 -> [dataset_downloader] -> NAME OF DATASETS TO BE DOWNLOADED : ['COCO', 'IMAGENET', 'STANFORD_DOGS', 'BDD100K', 'OXFORD_PET', 'POTHOLE_DETECTION', 'LOGO_DETECTION']
27-11-2021 01:42:07.342654 -> [dataset_downloader] -> DOWNLOAD COCO DATASET
27-11-2021 01:42:07.343651 -> [dataset_downloader] -> COCO DIRECTORY CREATED
27-11-2021 01:42:07.344651 -> [dataset_downloader] -> REQUESTING DATA
27-11-2021 01:42:08.247680 -> [dataset_downloader] -> DATA INFO RECEIVED
27-11-2021 01:42:08.248678 -> [dataset_downloader] -> NAME = COCO
27-11-2021 01:42:08.249676 -> [dataset_downloader] -> SAVE LOCATION = E:/1_PYTHON_PROJECT\EDA_ODD\DATA\COCO\TRAIN2017.ZIP
27-11-2021 01:42:08.250672 -> [dataset_downloader] -> DATASET SIZE = 18.0087890625 GB
27-11-2021 01:42:08.251670 -> [dataset_downloader] -> DOWNLOAD START
27-11-2021 02:04:24.920321 -> [dataset_downloader] -> DOWNLOAD COMPLETE
27-11-2021 02:04:24.991538 -> [dataset_downloader] -> COCO DIRECTORY ALREADY PRESENT
27-11-2021 02:04:24.993539 -> [dataset_downloader] -> REQUESTING DATA
27-11-2021 02:04:25.854439 -> [dataset_downloader] -> DATA INFO RECEIVED
27-11-2021 02:04:25.855437 -> [dataset_downloader] -> NAME = COCO
27-11-2021 02:04:25.856437 -> [dataset_downloader] -> SAVE LOCATION = E:/1_PYTHON_PROJECT\EDA_ODD\DATA\COCO\ANNOTATIONS_TRAINVAL2017.ZIP
27-11-2021 02:04:25.858433 -> [dataset_downloader] -> DATASET SIZE = 0.2353515625 GB
27-11-2021 02:04:25.859427 -> [dataset_downloader] -> DOWNLOAD START
27-11-2021 02:04:57.244388 -> [dataset_downloader] -> DOWNLOAD COMPLETE
27-11-2021 02:04:57.354668 -> [dataset_downloader] -> DOWNLOAD COCO DATASET COMPLETE
27-11-2021 02:04:57.355294 -> [dataset_downloader] -> DOWNLOAD IMAGENET DATASET
27-11-2021 02:04:57.356295 -> [dataset_downloader] -> IMAGENET DIRECTORY CREATED
27-11-2021 02:04:57.357291 -> [dataset_downloader] -> REQUESTING DATA
27-11-2021 02:04:58.734547 -> [dataset_downloader] -> DATA INFO RECEIVED
27-11-2021 02:04:58.736553 -> [dataset_downloader] -> NAME = IMAGENET
27-11-2021 02:04:58.737544 -> [dataset_downloader] -> SAVE LOCATION = E:/1_PYTHON_PROJECT\EDA_ODD\DATA\IMAGENET\IMAGENET21K_RESIZED.TAR.GZ
27-11-2021 02:04:58.739532 -> [dataset_downloader] -> DATASET SIZE = 261.248046875 GB
27-11-2021 02:04:58.740530 -> [dataset_downloader] -> DOWNLOAD START
27-11-2021 02:05:14.229764 -> [main] -> START
27-11-2021 02:05:14.229764 -> [main] -> DIRECTORY STRUCTURE CHECK START
27-11-2021 02:05:14.230763 -> [dir_structure_generator] -> START
27-11-2021 02:05:14.231761 -> [dir_structure_generator] -> MAIN DIRECTORY PRESENT
27-11-2021 02:05:14.232758 -> [dir_structure_generator] -> SUB DIRECTORY DIR_TEST PRESENT
27-11-2021 02:05:14.234753 -> [dir_structure_generator] -> SUB DIRECTORY DIR_DATA PRESENT
27-11-2021 02:05:14.235750 -> [dir_structure_generator] -> SUB DIRECTORY DIR_CODE PRESENT
27-11-2021 02:05:14.236748 -> [dir_structure_generator] -> SUB DIRECTORY DIR_LOGS PRESENT
27-11-2021 02:05:14.237745 -> [dir_structure_generator] -> SUB DIRECTORY DIR_DOCS PRESENT
27-11-2021 02:05:14.238742 -> [dir_structure_generator] -> SUB DIRECTORY DIR_DOCS_RESEARCH PRESENT
27-11-2021 02:05:14.238742 -> [dir_structure_generator] -> STOP
27-11-2021 02:05:14.239739 -> [main] -> DIRECTORY STRUCTURE CHECK STOP
27-11-2021 02:05:14.240738 -> [main] -> DATASET DOWNLOADER START
27-11-2021 02:05:14.241734 -> [dataset_downloader] -> START
27-11-2021 02:05:14.242733 -> [dataset_downloader] -> NUMBER DATASETS TO BE DOWNLOADED : 7
27-11-2021 02:05:14.243729 -> [dataset_downloader] -> NAME OF DATASETS TO BE DOWNLOADED : ['COCO', 'IMAGENET', 'STANFORD_DOGS', 'BDD100K', 'OXFORD_PET', 'POTHOLE_DETECTION', 'LOGO_DETECTION']
27-11-2021 02:05:14.243729 -> [dataset_downloader] -> DOWNLOAD COCO DATASET
27-11-2021 02:05:14.244726 -> [dataset_downloader] -> COCO DIRECTORY ALREADY PRESENT
27-11-2021 02:05:14.245724 -> [dataset_downloader] -> COCO DATASET TRAIN2017.ZIP FILE ALREADY PRESENT
27-11-2021 02:05:14.246721 -> [dataset_downloader] -> COCO DIRECTORY ALREADY PRESENT
27-11-2021 02:05:14.247718 -> [dataset_downloader] -> COCO DATASET ANNOTATIONS_TRAINVAL2017.ZIP FILE ALREADY PRESENT
27-11-2021 02:05:14.248715 -> [dataset_downloader] -> DOWNLOAD COCO DATASET COMPLETE
27-11-2021 02:05:14.250710 -> [dataset_downloader] -> DOWNLOAD IMAGENET DATASET
27-11-2021 02:05:14.251707 -> [dataset_downloader] -> IMAGENET DIRECTORY ALREADY PRESENT
27-11-2021 02:05:14.252705 -> [dataset_downloader] -> IMAGENET DATASET IMAGENET21K_RESIZED.TAR.GZ FILE ALREADY PRESENT
27-11-2021 02:05:14.253702 -> [dataset_downloader] -> DOWNLOAD IMAGENET DATASET COMPLETE
27-11-2021 02:05:14.253702 -> [dataset_downloader] -> DOWNLOAD STANFORD_DOGS DATASET
27-11-2021 02:05:14.255697 -> [dataset_downloader] -> STANFORD_DOGS DIRECTORY CREATED
27-11-2021 02:05:14.255697 -> [dataset_downloader] -> REQUESTING DATA
27-11-2021 02:05:14.938514 -> [dataset_downloader] -> DATA INFO RECEIVED
27-11-2021 02:05:14.939608 -> [dataset_downloader] -> NAME = STANFORD_DOGS
27-11-2021 02:05:14.940608 -> [dataset_downloader] -> SAVE LOCATION = E:/1_PYTHON_PROJECT\EDA_ODD\DATA\STANFORD_DOGS\IMAGES.TAR
27-11-2021 02:05:14.941606 -> [dataset_downloader] -> DATASET SIZE = 0.7392578125 GB
27-11-2021 02:05:14.942603 -> [dataset_downloader] -> DOWNLOAD START
27-11-2021 02:05:17.285314 -> [main] -> START
27-11-2021 02:05:17.286312 -> [main] -> DIRECTORY STRUCTURE CHECK START
27-11-2021 02:05:17.286312 -> [dir_structure_generator] -> START
27-11-2021 02:05:17.288309 -> [dir_structure_generator] -> MAIN DIRECTORY PRESENT
27-11-2021 02:05:17.289305 -> [dir_structure_generator] -> SUB DIRECTORY DIR_TEST PRESENT
27-11-2021 02:05:17.290302 -> [dir_structure_generator] -> SUB DIRECTORY DIR_DATA PRESENT
27-11-2021 02:05:17.291300 -> [dir_structure_generator] -> SUB DIRECTORY DIR_CODE PRESENT
27-11-2021 02:05:17.292298 -> [dir_structure_generator] -> SUB DIRECTORY DIR_LOGS PRESENT
27-11-2021 02:05:17.293294 -> [dir_structure_generator] -> SUB DIRECTORY DIR_DOCS PRESENT
27-11-2021 02:05:17.294291 -> [dir_structure_generator] -> SUB DIRECTORY DIR_DOCS_RESEARCH PRESENT
27-11-2021 02:05:17.295290 -> [dir_structure_generator] -> STOP
27-11-2021 02:05:17.296287 -> [main] -> DIRECTORY STRUCTURE CHECK STOP
27-11-2021 02:05:17.297284 -> [main] -> DATASET DOWNLOADER START
27-11-2021 02:05:17.298281 -> [dataset_downloader] -> START
27-11-2021 02:05:17.299278 -> [dataset_downloader] -> NUMBER DATASETS TO BE DOWNLOADED : 7
27-11-2021 02:05:17.300275 -> [dataset_downloader] -> NAME OF DATASETS TO BE DOWNLOADED : ['COCO', 'IMAGENET', 'STANFORD_DOGS', 'BDD100K', 'OXFORD_PET', 'POTHOLE_DETECTION', 'LOGO_DETECTION']
27-11-2021 02:05:17.301272 -> [dataset_downloader] -> DOWNLOAD COCO DATASET
27-11-2021 02:05:17.302270 -> [dataset_downloader] -> COCO DIRECTORY ALREADY PRESENT
27-11-2021 02:05:17.303267 -> [dataset_downloader] -> COCO DATASET TRAIN2017.ZIP FILE ALREADY PRESENT
27-11-2021 02:05:17.304265 -> [dataset_downloader] -> COCO DIRECTORY ALREADY PRESENT
27-11-2021 02:05:17.305262 -> [dataset_downloader] -> COCO DATASET ANNOTATIONS_TRAINVAL2017.ZIP FILE ALREADY PRESENT
27-11-2021 02:05:17.307258 -> [dataset_downloader] -> DOWNLOAD COCO DATASET COMPLETE
27-11-2021 02:05:17.308255 -> [dataset_downloader] -> DOWNLOAD IMAGENET DATASET
27-11-2021 02:05:17.310286 -> [dataset_downloader] -> IMAGENET DIRECTORY ALREADY PRESENT
27-11-2021 02:05:17.311246 -> [dataset_downloader] -> IMAGENET DATASET IMAGENET21K_RESIZED.TAR.GZ FILE ALREADY PRESENT
27-11-2021 02:05:17.312243 -> [dataset_downloader] -> DOWNLOAD IMAGENET DATASET COMPLETE
27-11-2021 02:05:17.314239 -> [dataset_downloader] -> DOWNLOAD STANFORD_DOGS DATASET
27-11-2021 02:05:17.316233 -> [dataset_downloader] -> STANFORD_DOGS DIRECTORY ALREADY PRESENT
27-11-2021 02:05:17.318228 -> [dataset_downloader] -> STANFORD_DOGS DATASET IMAGES.TAR FILE ALREADY PRESENT
27-11-2021 02:05:17.319262 -> [dataset_downloader] -> STANFORD_DOGS DIRECTORY ALREADY PRESENT
27-11-2021 02:05:17.320222 -> [dataset_downloader] -> REQUESTING DATA
27-11-2021 02:05:17.885528 -> [dataset_downloader] -> DATA INFO RECEIVED
27-11-2021 02:05:17.886526 -> [dataset_downloader] -> NAME = STANFORD_DOGS
27-11-2021 02:05:17.888522 -> [dataset_downloader] -> SAVE LOCATION = E:/1_PYTHON_PROJECT\EDA_ODD\DATA\STANFORD_DOGS\ANNOTATION.TAR
27-11-2021 02:05:17.889552 -> [dataset_downloader] -> DATASET SIZE = 0.0205078125 GB
27-11-2021 02:05:17.890676 -> [dataset_downloader] -> DOWNLOAD START
27-11-2021 02:05:20.260008 -> [main] -> START
27-11-2021 02:05:20.260968 -> [main] -> DIRECTORY STRUCTURE CHECK START
27-11-2021 02:05:20.261968 -> [dir_structure_generator] -> START
27-11-2021 02:05:20.263563 -> [dir_structure_generator] -> MAIN DIRECTORY PRESENT
27-11-2021 02:05:20.264652 -> [dir_structure_generator] -> SUB DIRECTORY DIR_TEST PRESENT
27-11-2021 02:05:20.265653 -> [dir_structure_generator] -> SUB DIRECTORY DIR_DATA PRESENT
27-11-2021 02:05:20.266651 -> [dir_structure_generator] -> SUB DIRECTORY DIR_CODE PRESENT
27-11-2021 02:05:20.268405 -> [dir_structure_generator] -> SUB DIRECTORY DIR_LOGS PRESENT
27-11-2021 02:05:20.269214 -> [dir_structure_generator] -> SUB DIRECTORY DIR_DOCS PRESENT
27-11-2021 02:05:20.270304 -> [dir_structure_generator] -> SUB DIRECTORY DIR_DOCS_RESEARCH PRESENT
27-11-2021 02:05:20.271445 -> [dir_structure_generator] -> STOP
27-11-2021 02:05:20.272534 -> [main] -> DIRECTORY STRUCTURE CHECK STOP
27-11-2021 02:05:20.273628 -> [main] -> DATASET DOWNLOADER START
27-11-2021 02:05:20.274659 -> [dataset_downloader] -> START
27-11-2021 02:05:20.275655 -> [dataset_downloader] -> NUMBER DATASETS TO BE DOWNLOADED : 7
27-11-2021 02:05:20.277620 -> [dataset_downloader] -> NAME OF DATASETS TO BE DOWNLOADED : ['COCO', 'IMAGENET', 'STANFORD_DOGS', 'BDD100K', 'OXFORD_PET', 'POTHOLE_DETECTION', 'LOGO_DETECTION']
27-11-2021 02:05:20.278618 -> [dataset_downloader] -> DOWNLOAD COCO DATASET
27-11-2021 02:05:20.280612 -> [dataset_downloader] -> COCO DIRECTORY ALREADY PRESENT
27-11-2021 02:05:20.281419 -> [dataset_downloader] -> COCO DATASET TRAIN2017.ZIP FILE ALREADY PRESENT
27-11-2021 02:05:20.282593 -> [dataset_downloader] -> COCO DIRECTORY ALREADY PRESENT
27-11-2021 02:05:20.283753 -> [dataset_downloader] -> COCO DATASET ANNOTATIONS_TRAINVAL2017.ZIP FILE ALREADY PRESENT
27-11-2021 02:05:20.284847 -> [dataset_downloader] -> DOWNLOAD COCO DATASET COMPLETE
27-11-2021 02:05:20.285997 -> [dataset_downloader] -> DOWNLOAD IMAGENET DATASET
27-11-2021 02:05:20.287032 -> [dataset_downloader] -> IMAGENET DIRECTORY ALREADY PRESENT
27-11-2021 02:05:20.287996 -> [dataset_downloader] -> IMAGENET DATASET IMAGENET21K_RESIZED.TAR.GZ FILE ALREADY PRESENT
27-11-2021 02:05:20.289420 -> [dataset_downloader] -> DOWNLOAD IMAGENET DATASET COMPLETE
27-11-2021 02:05:20.290461 -> [dataset_downloader] -> DOWNLOAD STANFORD_DOGS DATASET
27-11-2021 02:05:20.292416 -> [dataset_downloader] -> STANFORD_DOGS DIRECTORY ALREADY PRESENT
27-11-2021 02:05:20.294410 -> [dataset_downloader] -> STANFORD_DOGS DATASET IMAGES.TAR FILE ALREADY PRESENT
27-11-2021 02:05:20.295407 -> [dataset_downloader] -> STANFORD_DOGS DIRECTORY ALREADY PRESENT
27-11-2021 02:05:20.297402 -> [dataset_downloader] -> STANFORD_DOGS DATASET ANNOTATION.TAR FILE ALREADY PRESENT
27-11-2021 02:05:20.298399 -> [dataset_downloader] -> DOWNLOAD STANFORD_DOGS DATASET COMPLETE
27-11-2021 02:05:20.300393 -> [dataset_downloader] -> DOWNLOAD BDD100K DATASET
27-11-2021 02:05:20.301391 -> [dataset_downloader] -> BDD100K DIRECTORY CREATED
27-11-2021 02:05:20.303393 -> [dataset_downloader] -> REQUESTING DATA
27-11-2021 02:05:20.984660 -> [dataset_downloader] -> DATA INFO RECEIVED
27-11-2021 02:05:20.985658 -> [dataset_downloader] -> NAME = BDD100K
27-11-2021 02:05:20.986656 -> [dataset_downloader] -> SAVE LOCATION = E:/1_PYTHON_PROJECT\EDA_ODD\DATA\BDD100K\BDD100K_VIDEOS.ZIP
27-11-2021 02:05:20.988650 -> [dataset_downloader] -> DATASET SIZE = 1833.9189453125 GB
27-11-2021 02:05:20.989687 -> [dataset_downloader] -> DOWNLOAD START
27-11-2021 02:05:39.697110 -> [main] -> START
27-11-2021 02:05:39.697110 -> [main] -> DIRECTORY STRUCTURE CHECK START
27-11-2021 02:05:39.699105 -> [dir_structure_generator] -> START
27-11-2021 02:05:39.700103 -> [dir_structure_generator] -> MAIN DIRECTORY PRESENT
27-11-2021 02:05:39.702096 -> [dir_structure_generator] -> SUB DIRECTORY DIR_TEST PRESENT
27-11-2021 02:05:39.703095 -> [dir_structure_generator] -> SUB DIRECTORY DIR_DATA PRESENT
27-11-2021 02:05:39.704092 -> [dir_structure_generator] -> SUB DIRECTORY DIR_CODE PRESENT
27-11-2021 02:05:39.706085 -> [dir_structure_generator] -> SUB DIRECTORY DIR_LOGS PRESENT
27-11-2021 02:05:39.708080 -> [dir_structure_generator] -> SUB DIRECTORY DIR_DOCS PRESENT
27-11-2021 02:05:39.709078 -> [dir_structure_generator] -> SUB DIRECTORY DIR_DOCS_RESEARCH PRESENT
27-11-2021 02:05:39.710075 -> [dir_structure_generator] -> STOP
27-11-2021 02:05:39.712070 -> [main] -> DIRECTORY STRUCTURE CHECK STOP
27-11-2021 02:05:39.713067 -> [main] -> DATASET DOWNLOADER START
27-11-2021 02:05:39.715064 -> [dataset_downloader] -> START
27-11-2021 02:05:39.716059 -> [dataset_downloader] -> NUMBER DATASETS TO BE DOWNLOADED : 7
27-11-2021 02:05:39.718054 -> [dataset_downloader] -> NAME OF DATASETS TO BE DOWNLOADED : ['COCO', 'IMAGENET', 'STANFORD_DOGS', 'BDD100K', 'OXFORD_PET', 'POTHOLE_DETECTION', 'LOGO_DETECTION']
27-11-2021 02:05:39.720048 -> [dataset_downloader] -> DOWNLOAD COCO DATASET
27-11-2021 02:05:39.722043 -> [dataset_downloader] -> COCO DIRECTORY ALREADY PRESENT
27-11-2021 02:05:39.724037 -> [dataset_downloader] -> COCO DATASET TRAIN2017.ZIP FILE ALREADY PRESENT
27-11-2021 02:05:39.725035 -> [dataset_downloader] -> COCO DIRECTORY ALREADY PRESENT
27-11-2021 02:05:39.727029 -> [dataset_downloader] -> COCO DATASET ANNOTATIONS_TRAINVAL2017.ZIP FILE ALREADY PRESENT
27-11-2021 02:05:39.728028 -> [dataset_downloader] -> DOWNLOAD COCO DATASET COMPLETE
27-11-2021 02:05:39.730022 -> [dataset_downloader] -> DOWNLOAD IMAGENET DATASET
27-11-2021 02:05:39.731019 -> [dataset_downloader] -> IMAGENET DIRECTORY ALREADY PRESENT
27-11-2021 02:05:39.732016 -> [dataset_downloader] -> IMAGENET DATASET IMAGENET21K_RESIZED.TAR.GZ FILE ALREADY PRESENT
27-11-2021 02:05:39.734010 -> [dataset_downloader] -> DOWNLOAD IMAGENET DATASET COMPLETE
27-11-2021 02:05:39.735008 -> [dataset_downloader] -> DOWNLOAD STANFORD_DOGS DATASET
27-11-2021 02:05:39.737006 -> [dataset_downloader] -> STANFORD_DOGS DIRECTORY ALREADY PRESENT
27-11-2021 02:05:39.738997 -> [dataset_downloader] -> STANFORD_DOGS DATASET IMAGES.TAR FILE ALREADY PRESENT
27-11-2021 02:05:39.739995 -> [dataset_downloader] -> STANFORD_DOGS DIRECTORY ALREADY PRESENT
27-11-2021 02:05:39.741988 -> [dataset_downloader] -> STANFORD_DOGS DATASET ANNOTATION.TAR FILE ALREADY PRESENT
27-11-2021 02:05:39.742986 -> [dataset_downloader] -> DOWNLOAD STANFORD_DOGS DATASET COMPLETE
27-11-2021 02:05:39.744981 -> [dataset_downloader] -> DOWNLOAD BDD100K DATASET
27-11-2021 02:05:39.745979 -> [dataset_downloader] -> BDD100K DIRECTORY ALREADY PRESENT
27-11-2021 02:05:39.747974 -> [dataset_downloader] -> BDD100K DATASET BDD100K_VIDEOS.ZIP FILE ALREADY PRESENT
27-11-2021 02:05:39.749968 -> [dataset_downloader] -> DOWNLOAD BDD100K DATASET COMPLETE
27-11-2021 02:05:39.752961 -> [dataset_downloader] -> DOWNLOAD OXFORD_PET DATASET
27-11-2021 02:05:39.755953 -> [dataset_downloader] -> OXFORD_PET DIRECTORY CREATED
27-11-2021 02:05:39.756950 -> [dataset_downloader] -> REQUESTING DATA
27-11-2021 02:05:41.115543 -> [dataset_downloader] -> DATA INFO RECEIVED
27-11-2021 02:05:41.116540 -> [dataset_downloader] -> NAME = OXFORD_PET
27-11-2021 02:05:41.118536 -> [dataset_downloader] -> SAVE LOCATION = E:/1_PYTHON_PROJECT\EDA_ODD\DATA\OXFORD_PET\ARCHIVE.ZIP
27-11-2021 02:05:41.120530 -> [dataset_downloader] -> DATASET SIZE = 1.4765625 GB
27-11-2021 02:05:41.122525 -> [dataset_downloader] -> DOWNLOAD START
27-11-2021 02:05:43.371525 -> [main] -> START
27-11-2021 02:05:43.372523 -> [main] -> DIRECTORY STRUCTURE CHECK START
27-11-2021 02:05:43.374110 -> [dir_structure_generator] -> START
27-11-2021 02:05:43.375442 -> [dir_structure_generator] -> MAIN DIRECTORY PRESENT
27-11-2021 02:05:43.376442 -> [dir_structure_generator] -> SUB DIRECTORY DIR_TEST PRESENT
27-11-2021 02:05:43.378437 -> [dir_structure_generator] -> SUB DIRECTORY DIR_DATA PRESENT
27-11-2021 02:05:43.379433 -> [dir_structure_generator] -> SUB DIRECTORY DIR_CODE PRESENT
27-11-2021 02:05:43.380931 -> [dir_structure_generator] -> SUB DIRECTORY DIR_LOGS PRESENT
27-11-2021 02:05:43.382273 -> [dir_structure_generator] -> SUB DIRECTORY DIR_DOCS PRESENT
27-11-2021 02:05:43.383575 -> [dir_structure_generator] -> SUB DIRECTORY DIR_DOCS_RESEARCH PRESENT
27-11-2021 02:05:43.384863 -> [dir_structure_generator] -> STOP
27-11-2021 02:05:43.386149 -> [main] -> DIRECTORY STRUCTURE CHECK STOP
27-11-2021 02:05:43.387150 -> [main] -> DATASET DOWNLOADER START
27-11-2021 02:05:43.388147 -> [dataset_downloader] -> START
27-11-2021 02:05:43.390143 -> [dataset_downloader] -> NUMBER DATASETS TO BE DOWNLOADED : 7
27-11-2021 02:05:43.391921 -> [dataset_downloader] -> NAME OF DATASETS TO BE DOWNLOADED : ['COCO', 'IMAGENET', 'STANFORD_DOGS', 'BDD100K', 'OXFORD_PET', 'POTHOLE_DETECTION', 'LOGO_DETECTION']
27-11-2021 02:05:43.392959 -> [dataset_downloader] -> DOWNLOAD COCO DATASET
27-11-2021 02:05:43.394916 -> [dataset_downloader] -> COCO DIRECTORY ALREADY PRESENT
27-11-2021 02:05:43.395939 -> [dataset_downloader] -> COCO DATASET TRAIN2017.ZIP FILE ALREADY PRESENT
27-11-2021 02:05:43.396940 -> [dataset_downloader] -> COCO DIRECTORY ALREADY PRESENT
27-11-2021 02:05:43.398933 -> [dataset_downloader] -> COCO DATASET ANNOTATIONS_TRAINVAL2017.ZIP FILE ALREADY PRESENT
27-11-2021 02:05:43.400314 -> [dataset_downloader] -> DOWNLOAD COCO DATASET COMPLETE
27-11-2021 02:05:43.401645 -> [dataset_downloader] -> DOWNLOAD IMAGENET DATASET
27-11-2021 02:05:43.402954 -> [dataset_downloader] -> IMAGENET DIRECTORY ALREADY PRESENT
27-11-2021 02:05:43.403956 -> [dataset_downloader] -> IMAGENET DATASET IMAGENET21K_RESIZED.TAR.GZ FILE ALREADY PRESENT
27-11-2021 02:05:43.405949 -> [dataset_downloader] -> DOWNLOAD IMAGENET DATASET COMPLETE
27-11-2021 02:05:43.407943 -> [dataset_downloader] -> DOWNLOAD STANFORD_DOGS DATASET
27-11-2021 02:05:43.409938 -> [dataset_downloader] -> STANFORD_DOGS DIRECTORY ALREADY PRESENT
27-11-2021 02:05:43.411933 -> [dataset_downloader] -> STANFORD_DOGS DATASET IMAGES.TAR FILE ALREADY PRESENT
27-11-2021 02:05:43.412931 -> [dataset_downloader] -> STANFORD_DOGS DIRECTORY ALREADY PRESENT
27-11-2021 02:05:43.413928 -> [dataset_downloader] -> STANFORD_DOGS DATASET ANNOTATION.TAR FILE ALREADY PRESENT
27-11-2021 02:05:43.415922 -> [dataset_downloader] -> DOWNLOAD STANFORD_DOGS DATASET COMPLETE
27-11-2021 02:05:43.416920 -> [dataset_downloader] -> DOWNLOAD BDD100K DATASET
27-11-2021 02:05:43.418916 -> [dataset_downloader] -> BDD100K DIRECTORY ALREADY PRESENT
27-11-2021 02:05:43.420909 -> [dataset_downloader] -> BDD100K DATASET BDD100K_VIDEOS.ZIP FILE ALREADY PRESENT
27-11-2021 02:05:43.421906 -> [dataset_downloader] -> DOWNLOAD BDD100K DATASET COMPLETE
27-11-2021 02:05:43.423941 -> [dataset_downloader] -> DOWNLOAD OXFORD_PET DATASET
27-11-2021 02:05:43.426903 -> [dataset_downloader] -> OXFORD_PET DIRECTORY ALREADY PRESENT
27-11-2021 02:05:43.428888 -> [dataset_downloader] -> OXFORD_PET DATASET ARCHIVE.ZIP FILE ALREADY PRESENT
27-11-2021 02:05:43.429922 -> [dataset_downloader] -> DOWNLOAD OXFORD_PET DATASET COMPLETE
27-11-2021 02:05:43.431882 -> [dataset_downloader] -> DOWNLOAD POTHOLE_DETECTION DATASET
27-11-2021 02:05:43.433876 -> [dataset_downloader] -> POTHOLE_DETECTION DIRECTORY CREATED
27-11-2021 02:05:43.435869 -> [dataset_downloader] -> REQUESTING DATA
27-11-2021 02:05:44.679328 -> [dataset_downloader] -> DATA INFO RECEIVED
27-11-2021 02:05:44.679328 -> [dataset_downloader] -> NAME = POTHOLE_DETECTION
27-11-2021 02:05:44.681376 -> [dataset_downloader] -> SAVE LOCATION = E:/1_PYTHON_PROJECT\EDA_ODD\DATA\POTHOLE_DETECTION\ARCHIVE.ZIP
27-11-2021 02:05:44.682413 -> [dataset_downloader] -> DATASET SIZE = 8.81640625 GB
27-11-2021 02:05:44.684371 -> [dataset_downloader] -> DOWNLOAD START
27-11-2021 02:05:55.049811 -> [main] -> START
27-11-2021 02:05:55.049811 -> [main] -> DIRECTORY STRUCTURE CHECK START
27-11-2021 02:05:55.051531 -> [dir_structure_generator] -> START
27-11-2021 02:05:55.052913 -> [dir_structure_generator] -> MAIN DIRECTORY PRESENT
27-11-2021 02:05:55.053913 -> [dir_structure_generator] -> SUB DIRECTORY DIR_TEST PRESENT
27-11-2021 02:05:55.055908 -> [dir_structure_generator] -> SUB DIRECTORY DIR_DATA PRESENT
27-11-2021 02:05:55.057903 -> [dir_structure_generator] -> SUB DIRECTORY DIR_CODE PRESENT
27-11-2021 02:05:55.059206 -> [dir_structure_generator] -> SUB DIRECTORY DIR_LOGS PRESENT
27-11-2021 02:05:55.060209 -> [dir_structure_generator] -> SUB DIRECTORY DIR_DOCS PRESENT
27-11-2021 02:05:55.062078 -> [dir_structure_generator] -> SUB DIRECTORY DIR_DOCS_RESEARCH PRESENT
27-11-2021 02:05:55.063516 -> [dir_structure_generator] -> STOP
27-11-2021 02:05:55.064922 -> [main] -> DIRECTORY STRUCTURE CHECK STOP
27-11-2021 02:05:55.065924 -> [main] -> DATASET DOWNLOADER START
27-11-2021 02:05:55.067719 -> [dataset_downloader] -> START
27-11-2021 02:05:55.068721 -> [dataset_downloader] -> NUMBER DATASETS TO BE DOWNLOADED : 7
27-11-2021 02:05:55.070717 -> [dataset_downloader] -> NAME OF DATASETS TO BE DOWNLOADED : ['COCO', 'IMAGENET', 'STANFORD_DOGS', 'BDD100K', 'OXFORD_PET', 'POTHOLE_DETECTION', 'LOGO_DETECTION']
27-11-2021 02:05:55.072632 -> [dataset_downloader] -> DOWNLOAD COCO DATASET
27-11-2021 02:05:55.074061 -> [dataset_downloader] -> COCO DIRECTORY ALREADY PRESENT
27-11-2021 02:05:55.075102 -> [dataset_downloader] -> COCO DATASET TRAIN2017.ZIP FILE ALREADY PRESENT
27-11-2021 02:05:55.077056 -> [dataset_downloader] -> COCO DIRECTORY ALREADY PRESENT
27-11-2021 02:05:55.078054 -> [dataset_downloader] -> COCO DATASET ANNOTATIONS_TRAINVAL2017.ZIP FILE ALREADY PRESENT
27-11-2021 02:05:55.079887 -> [dataset_downloader] -> DOWNLOAD COCO DATASET COMPLETE
27-11-2021 02:05:55.081339 -> [dataset_downloader] -> DOWNLOAD IMAGENET DATASET
27-11-2021 02:05:55.082338 -> [dataset_downloader] -> IMAGENET DIRECTORY ALREADY PRESENT
27-11-2021 02:05:55.084334 -> [dataset_downloader] -> IMAGENET DATASET IMAGENET21K_RESIZED.TAR.GZ FILE ALREADY PRESENT
27-11-2021 02:05:55.085332 -> [dataset_downloader] -> DOWNLOAD IMAGENET DATASET COMPLETE
27-11-2021 02:05:55.089320 -> [dataset_downloader] -> DOWNLOAD STANFORD_DOGS DATASET
27-11-2021 02:05:55.091315 -> [dataset_downloader] -> STANFORD_DOGS DIRECTORY ALREADY PRESENT
27-11-2021 02:05:55.093309 -> [dataset_downloader] -> STANFORD_DOGS DATASET IMAGES.TAR FILE ALREADY PRESENT
27-11-2021 02:05:55.095304 -> [dataset_downloader] -> STANFORD_DOGS DIRECTORY ALREADY PRESENT
27-11-2021 02:05:55.096304 -> [dataset_downloader] -> STANFORD_DOGS DATASET ANNOTATION.TAR FILE ALREADY PRESENT
27-11-2021 02:05:55.098296 -> [dataset_downloader] -> DOWNLOAD STANFORD_DOGS DATASET COMPLETE
27-11-2021 02:05:55.100290 -> [dataset_downloader] -> DOWNLOAD BDD100K DATASET
27-11-2021 02:05:55.102323 -> [dataset_downloader] -> BDD100K DIRECTORY ALREADY PRESENT
27-11-2021 02:05:55.104263 -> [dataset_downloader] -> BDD100K DATASET BDD100K_VIDEOS.ZIP FILE ALREADY PRESENT
27-11-2021 02:05:55.105264 -> [dataset_downloader] -> DOWNLOAD BDD100K DATASET COMPLETE
27-11-2021 02:05:55.107280 -> [dataset_downloader] -> DOWNLOAD OXFORD_PET DATASET
27-11-2021 02:05:55.109254 -> [dataset_downloader] -> OXFORD_PET DIRECTORY ALREADY PRESENT
27-11-2021 02:05:55.110287 -> [dataset_downloader] -> OXFORD_PET DATASET ARCHIVE.ZIP FILE ALREADY PRESENT
27-11-2021 02:05:55.112035 -> [dataset_downloader] -> DOWNLOAD OXFORD_PET DATASET COMPLETE
27-11-2021 02:05:55.113508 -> [dataset_downloader] -> DOWNLOAD POTHOLE_DETECTION DATASET
27-11-2021 02:05:55.115505 -> [dataset_downloader] -> POTHOLE_DETECTION DIRECTORY ALREADY PRESENT
27-11-2021 02:05:55.119044 -> [dataset_downloader] -> POTHOLE_DETECTION DATASET ARCHIVE.ZIP FILE ALREADY PRESENT
27-11-2021 02:05:55.122012 -> [dataset_downloader] -> DOWNLOAD POTHOLE_DETECTION DATASET COMPLETE
27-11-2021 02:05:55.124009 -> [dataset_downloader] -> DOWNLOAD LOGO_DETECTION DATASET
27-11-2021 02:05:55.127002 -> [dataset_downloader] -> LOGO_DETECTION DIRECTORY CREATED
27-11-2021 02:05:55.127998 -> [dataset_downloader] -> REQUESTING DATA
27-11-2021 02:05:55.857633 -> [dataset_downloader] -> DATA INFO RECEIVED
27-11-2021 02:05:55.858594 -> [dataset_downloader] -> NAME = LOGO_DETECTION
27-11-2021 02:05:55.860589 -> [dataset_downloader] -> SAVE LOCATION = E:/1_PYTHON_PROJECT\EDA_ODD\DATA\LOGO_DETECTION\LOGODET-3K.ZIP
27-11-2021 02:05:55.862319 -> [dataset_downloader] -> DATASET SIZE = 2.8671875 GB
27-11-2021 02:05:55.863823 -> [dataset_downloader] -> DOWNLOAD START
27-11-2021 02:06:09.381763 -> [main] -> START
27-11-2021 02:06:09.382106 -> [main] -> DIRECTORY STRUCTURE CHECK START
27-11-2021 02:06:09.383654 -> [dir_structure_generator] -> START
27-11-2021 02:06:09.384655 -> [dir_structure_generator] -> MAIN DIRECTORY PRESENT
27-11-2021 02:06:09.386649 -> [dir_structure_generator] -> SUB DIRECTORY DIR_TEST PRESENT
27-11-2021 02:06:09.387648 -> [dir_structure_generator] -> SUB DIRECTORY DIR_DATA PRESENT
27-11-2021 02:06:09.389613 -> [dir_structure_generator] -> SUB DIRECTORY DIR_CODE PRESENT
27-11-2021 02:06:09.391028 -> [dir_structure_generator] -> SUB DIRECTORY DIR_LOGS PRESENT
27-11-2021 02:06:09.392582 -> [dir_structure_generator] -> SUB DIRECTORY DIR_DOCS PRESENT
27-11-2021 02:06:09.393583 -> [dir_structure_generator] -> SUB DIRECTORY DIR_DOCS_RESEARCH PRESENT
27-11-2021 02:06:09.395577 -> [dir_structure_generator] -> STOP
27-11-2021 02:06:09.398581 -> [main] -> DIRECTORY STRUCTURE CHECK STOP
27-11-2021 02:06:09.401538 -> [main] -> DATASET DOWNLOADER START
27-11-2021 02:06:09.403576 -> [dataset_downloader] -> START
27-11-2021 02:06:09.405788 -> [dataset_downloader] -> NUMBER DATASETS TO BE DOWNLOADED : 7
27-11-2021 02:06:09.406790 -> [dataset_downloader] -> NAME OF DATASETS TO BE DOWNLOADED : ['COCO', 'IMAGENET', 'STANFORD_DOGS', 'BDD100K', 'OXFORD_PET', 'POTHOLE_DETECTION', 'LOGO_DETECTION']
27-11-2021 02:06:09.408782 -> [dataset_downloader] -> DOWNLOAD COCO DATASET
27-11-2021 02:06:09.409782 -> [dataset_downloader] -> COCO DIRECTORY ALREADY PRESENT
27-11-2021 02:06:09.412416 -> [dataset_downloader] -> COCO DATASET TRAIN2017.ZIP FILE ALREADY PRESENT
27-11-2021 02:06:09.413921 -> [dataset_downloader] -> COCO DIRECTORY ALREADY PRESENT
27-11-2021 02:06:09.415459 -> [dataset_downloader] -> COCO DATASET ANNOTATIONS_TRAINVAL2017.ZIP FILE ALREADY PRESENT
27-11-2021 02:06:09.416461 -> [dataset_downloader] -> DOWNLOAD COCO DATASET COMPLETE
27-11-2021 02:06:09.418453 -> [dataset_downloader] -> DOWNLOAD IMAGENET DATASET
27-11-2021 02:06:09.419966 -> [dataset_downloader] -> IMAGENET DIRECTORY ALREADY PRESENT
27-11-2021 02:06:09.421553 -> [dataset_downloader] -> IMAGENET DATASET IMAGENET21K_RESIZED.TAR.GZ FILE ALREADY PRESENT
27-11-2021 02:06:09.423068 -> [dataset_downloader] -> DOWNLOAD IMAGENET DATASET COMPLETE
27-11-2021 02:06:09.424479 -> [dataset_downloader] -> DOWNLOAD STANFORD_DOGS DATASET
27-11-2021 02:06:09.425508 -> [dataset_downloader] -> STANFORD_DOGS DIRECTORY ALREADY PRESENT
27-11-2021 02:06:09.431469 -> [dataset_downloader] -> STANFORD_DOGS DATASET IMAGES.TAR FILE ALREADY PRESENT
27-11-2021 02:06:09.433461 -> [dataset_downloader] -> STANFORD_DOGS DIRECTORY ALREADY PRESENT
27-11-2021 02:06:09.436450 -> [dataset_downloader] -> STANFORD_DOGS DATASET ANNOTATION.TAR FILE ALREADY PRESENT
27-11-2021 02:06:09.438447 -> [dataset_downloader] -> DOWNLOAD STANFORD_DOGS DATASET COMPLETE
27-11-2021 02:06:09.440440 -> [dataset_downloader] -> DOWNLOAD BDD100K DATASET
27-11-2021 02:06:09.441473 -> [dataset_downloader] -> BDD100K DIRECTORY ALREADY PRESENT
27-11-2021 02:06:09.443433 -> [dataset_downloader] -> BDD100K DATASET BDD100K_VIDEOS.ZIP FILE ALREADY PRESENT
27-11-2021 02:06:09.445426 -> [dataset_downloader] -> DOWNLOAD BDD100K DATASET COMPLETE
27-11-2021 02:06:09.447421 -> [dataset_downloader] -> DOWNLOAD OXFORD_PET DATASET
27-11-2021 02:06:09.449415 -> [dataset_downloader] -> OXFORD_PET DIRECTORY ALREADY PRESENT
27-11-2021 02:06:09.451411 -> [dataset_downloader] -> OXFORD_PET DATASET ARCHIVE.ZIP FILE ALREADY PRESENT
27-11-2021 02:06:09.453404 -> [dataset_downloader] -> DOWNLOAD OXFORD_PET DATASET COMPLETE
27-11-2021 02:06:09.456406 -> [dataset_downloader] -> DOWNLOAD POTHOLE_DETECTION DATASET
27-11-2021 02:06:09.464376 -> [dataset_downloader] -> POTHOLE_DETECTION DIRECTORY ALREADY PRESENT
27-11-2021 02:06:09.468365 -> [dataset_downloader] -> POTHOLE_DETECTION DATASET ARCHIVE.ZIP FILE ALREADY PRESENT
27-11-2021 02:06:09.471357 -> [dataset_downloader] -> DOWNLOAD POTHOLE_DETECTION DATASET COMPLETE
27-11-2021 02:06:09.474348 -> [dataset_downloader] -> DOWNLOAD LOGO_DETECTION DATASET
27-11-2021 02:06:09.477376 -> [dataset_downloader] -> LOGO_DETECTION DIRECTORY ALREADY PRESENT
27-11-2021 02:06:09.479336 -> [dataset_downloader] -> LOGO_DETECTION DATASET LOGODET-3K.ZIP FILE ALREADY PRESENT
27-11-2021 02:06:09.481330 -> [dataset_downloader] -> DOWNLOAD LOGO_DETECTION DATASET COMPLETE
27-11-2021 02:06:09.483360 -> [dataset_downloader] -> STOP
27-11-2021 02:06:09.485319 -> [main] -> DATASET DOWNLOADER STOP
27-11-2021 02:06:09.487322 -> [main] -> DATASET EXTRACTOR START
27-11-2021 02:06:09.496291 -> [main] -> SELECTED DATASET LOCATION : E:/1_PYTHON_PROJECT\EDA_ODD\DATA\COCO
27-11-2021 02:06:09.501277 -> [main] -> CURRENT FILE : ANNOTATIONS_TRAINVAL2017.ZIP
27-11-2021 02:06:09.504279 -> [main] -> CHECKING FILE TYPE
27-11-2021 02:06:09.510252 -> [main] -> FILE TYPE : ZIP
27-11-2021 02:06:09.513244 -> [zip_file] -> START
27-11-2021 02:06:09.532097 -> [zip_file] -> NUMBER OF FILES INSIDE = 6
27-11-2021 02:06:09.533094 -> [zip_file] -> FILES INFO : 
27-11-2021 02:06:09.535090 -> [zip_file] -> S.NO. 1 :: FILE NAME = ANNOTATIONS/INSTANCES_TRAIN2017.JSON :: SIZE = 458774.88 KB
27-11-2021 02:06:09.540080 -> [zip_file] -> S.NO. 2 :: FILE NAME = ANNOTATIONS/INSTANCES_VAL2017.JSON :: SIZE = 19519.38 KB
27-11-2021 02:06:09.542070 -> [zip_file] -> S.NO. 3 :: FILE NAME = ANNOTATIONS/CAPTIONS_TRAIN2017.JSON :: SIZE = 89712.03 KB
27-11-2021 02:06:09.545063 -> [zip_file] -> S.NO. 4 :: FILE NAME = ANNOTATIONS/CAPTIONS_VAL2017.JSON :: SIZE = 3781.71 KB
27-11-2021 02:06:09.546059 -> [zip_file] -> S.NO. 5 :: FILE NAME = ANNOTATIONS/PERSON_KEYPOINTS_TRAIN2017.JSON :: SIZE = 233285.87 KB
27-11-2021 02:06:09.548054 -> [zip_file] -> S.NO. 6 :: FILE NAME = ANNOTATIONS/PERSON_KEYPOINTS_VAL2017.JSON :: SIZE = 9785.8 KB
27-11-2021 02:06:09.549051 -> [zip_file] -> EXTRACTING FILES AT E:/1_PYTHON_PROJECT\EDA_ODD\DATA\COCO
27-11-2021 02:06:09.551047 -> [zip_file] -> EXTRACTION START
27-11-2021 02:06:15.241437 -> [zip_file] -> EXTRACTION STOP
27-11-2021 02:06:15.242153 -> [zip_file] -> STOP
27-11-2021 02:06:15.243922 -> [main] -> CURRENT FILE : TRAIN2017.ZIP
27-11-2021 02:06:15.245524 -> [main] -> CHECKING FILE TYPE
27-11-2021 02:06:15.246526 -> [main] -> FILE TYPE : ZIP
27-11-2021 02:06:15.248519 -> [zip_file] -> START
27-11-2021 02:06:16.877895 -> [zip_file] -> NUMBER OF FILES INSIDE = 118288
27-11-2021 02:06:16.878891 -> [zip_file] -> FILES INFO : 
27-11-2021 02:06:16.879890 -> [zip_file] -> S.NO. 1 :: FILE NAME = TRAIN2017/ :: SIZE = 0.0 KB
27-11-2021 02:06:16.882881 -> [zip_file] -> S.NO. 2 :: FILE NAME = TRAIN2017/000000147328.JPG :: SIZE = 284.01 KB
27-11-2021 02:06:16.883880 -> [zip_file] -> S.NO. 3 :: FILE NAME = TRAIN2017/000000414738.JPG :: SIZE = 114.21 KB
27-11-2021 02:06:16.885873 -> [zip_file] -> S.NO. 4 :: FILE NAME = TRAIN2017/000000281563.JPG :: SIZE = 108.61 KB
27-11-2021 02:06:16.886871 -> [zip_file] -> S.NO. 5 :: FILE NAME = TRAIN2017/000000063879.JPG :: SIZE = 88.13 KB
27-11-2021 02:06:16.888866 -> [zip_file] -> S.NO. 6 :: FILE NAME = TRAIN2017/000000531349.JPG :: SIZE = 207.0 KB
27-11-2021 02:06:16.889863 -> [zip_file] -> S.NO. 7 :: FILE NAME = TRAIN2017/000000340329.JPG :: SIZE = 158.87 KB
27-11-2021 02:06:16.891857 -> [zip_file] -> S.NO. 8 :: FILE NAME = TRAIN2017/000000182236.JPG :: SIZE = 97.4 KB
27-11-2021 02:06:16.892855 -> [zip_file] -> S.NO. 9 :: FILE NAME = TRAIN2017/000000326820.JPG :: SIZE = 189.76 KB
27-11-2021 02:06:16.894849 -> [zip_file] -> S.NO. 10 :: FILE NAME = TRAIN2017/000000149364.JPG :: SIZE = 282.35 KB
27-11-2021 02:06:16.895847 -> [zip_file] -> S.NO. 11 :: FILE NAME = TRAIN2017/000000166598.JPG :: SIZE = 130.13 KB
27-11-2021 02:06:16.898848 -> [zip_file] -> S.NO. 12 :: FILE NAME = TRAIN2017/000000424792.JPG :: SIZE = 75.99 KB
27-11-2021 02:06:16.901836 -> [zip_file] -> S.NO. 13 :: FILE NAME = TRAIN2017/000000178388.JPG :: SIZE = 96.23 KB
27-11-2021 02:06:16.903828 -> [zip_file] -> S.NO. 14 :: FILE NAME = TRAIN2017/000000568154.JPG :: SIZE = 194.94 KB
27-11-2021 02:06:16.905821 -> [zip_file] -> S.NO. 15 :: FILE NAME = TRAIN2017/000000268150.JPG :: SIZE = 129.33 KB
27-11-2021 02:06:16.907815 -> [zip_file] -> S.NO. 16 :: FILE NAME = TRAIN2017/000000138473.JPG :: SIZE = 69.67 KB
27-11-2021 02:06:16.909809 -> [zip_file] -> S.NO. 17 :: FILE NAME = TRAIN2017/000000382699.JPG :: SIZE = 156.75 KB
27-11-2021 02:06:16.910838 -> [zip_file] -> S.NO. 18 :: FILE NAME = TRAIN2017/000000493952.JPG :: SIZE = 173.02 KB
27-11-2021 02:06:16.913800 -> [zip_file] -> S.NO. 19 :: FILE NAME = TRAIN2017/000000348522.JPG :: SIZE = 82.87 KB
27-11-2021 02:06:16.915793 -> [zip_file] -> S.NO. 20 :: FILE NAME = TRAIN2017/000000066862.JPG :: SIZE = 63.3 KB
27-11-2021 02:06:16.917788 -> [zip_file] -> S.NO. 21 :: FILE NAME = TRAIN2017/000000024457.JPG :: SIZE = 91.7 KB
27-11-2021 02:06:16.919820 -> [zip_file] -> S.NO. 22 :: FILE NAME = TRAIN2017/000000160437.JPG :: SIZE = 325.5 KB
27-11-2021 02:06:16.921815 -> [zip_file] -> S.NO. 23 :: FILE NAME = TRAIN2017/000000487414.JPG :: SIZE = 207.83 KB
27-11-2021 02:06:16.923772 -> [zip_file] -> S.NO. 24 :: FILE NAME = TRAIN2017/000000329541.JPG :: SIZE = 130.77 KB
27-11-2021 02:06:16.925804 -> [zip_file] -> S.NO. 25 :: FILE NAME = TRAIN2017/000000092064.JPG :: SIZE = 189.72 KB
27-11-2021 02:06:16.927761 -> [zip_file] -> S.NO. 26 :: FILE NAME = TRAIN2017/000000281262.JPG :: SIZE = 187.58 KB
27-11-2021 02:06:16.935741 -> [zip_file] -> S.NO. 27 :: FILE NAME = TRAIN2017/000000145337.JPG :: SIZE = 190.35 KB
27-11-2021 02:06:16.938733 -> [zip_file] -> S.NO. 28 :: FILE NAME = TRAIN2017/000000372147.JPG :: SIZE = 118.87 KB
27-11-2021 02:06:16.940727 -> [zip_file] -> S.NO. 29 :: FILE NAME = TRAIN2017/000000559184.JPG :: SIZE = 128.74 KB
27-11-2021 02:06:16.941755 -> [zip_file] -> S.NO. 30 :: FILE NAME = TRAIN2017/000000511141.JPG :: SIZE = 207.49 KB
27-11-2021 02:06:16.943757 -> [zip_file] -> S.NO. 31 :: FILE NAME = TRAIN2017/000000228974.JPG :: SIZE = 150.3 KB
27-11-2021 02:06:16.945714 -> [zip_file] -> S.NO. 32 :: FILE NAME = TRAIN2017/000000092658.JPG :: SIZE = 208.24 KB
27-11-2021 02:06:16.949704 -> [zip_file] -> S.NO. 33 :: FILE NAME = TRAIN2017/000000528299.JPG :: SIZE = 182.32 KB
27-11-2021 02:06:16.952731 -> [zip_file] -> S.NO. 34 :: FILE NAME = TRAIN2017/000000494811.JPG :: SIZE = 91.58 KB
27-11-2021 02:06:16.954690 -> [zip_file] -> S.NO. 35 :: FILE NAME = TRAIN2017/000000063873.JPG :: SIZE = 334.57 KB
27-11-2021 02:06:16.956726 -> [zip_file] -> S.NO. 36 :: FILE NAME = TRAIN2017/000000156073.JPG :: SIZE = 212.42 KB
27-11-2021 02:06:16.958680 -> [zip_file] -> S.NO. 37 :: FILE NAME = TRAIN2017/000000406342.JPG :: SIZE = 193.75 KB
27-11-2021 02:06:16.965663 -> [zip_file] -> S.NO. 38 :: FILE NAME = TRAIN2017/000000126288.JPG :: SIZE = 238.44 KB
27-11-2021 02:06:16.968668 -> [zip_file] -> S.NO. 39 :: FILE NAME = TRAIN2017/000000550547.JPG :: SIZE = 235.83 KB
27-11-2021 02:06:16.970649 -> [zip_file] -> S.NO. 40 :: FILE NAME = TRAIN2017/000000420414.JPG :: SIZE = 202.01 KB
27-11-2021 02:06:16.972674 -> [zip_file] -> S.NO. 41 :: FILE NAME = TRAIN2017/000000240755.JPG :: SIZE = 88.35 KB
27-11-2021 02:06:16.974636 -> [zip_file] -> S.NO. 42 :: FILE NAME = TRAIN2017/000000218357.JPG :: SIZE = 90.5 KB
27-11-2021 02:06:16.976633 -> [zip_file] -> S.NO. 43 :: FILE NAME = TRAIN2017/000000209073.JPG :: SIZE = 105.31 KB
27-11-2021 02:06:16.979624 -> [zip_file] -> S.NO. 44 :: FILE NAME = TRAIN2017/000000250607.JPG :: SIZE = 165.36 KB
27-11-2021 02:06:16.982635 -> [zip_file] -> S.NO. 45 :: FILE NAME = TRAIN2017/000000327818.JPG :: SIZE = 194.0 KB
27-11-2021 02:06:16.985608 -> [zip_file] -> S.NO. 46 :: FILE NAME = TRAIN2017/000000175111.JPG :: SIZE = 132.69 KB
27-11-2021 02:06:16.986604 -> [zip_file] -> S.NO. 47 :: FILE NAME = TRAIN2017/000000242755.JPG :: SIZE = 100.86 KB
27-11-2021 02:06:16.988599 -> [zip_file] -> S.NO. 48 :: FILE NAME = TRAIN2017/000000236173.JPG :: SIZE = 87.86 KB
27-11-2021 02:06:16.991591 -> [zip_file] -> S.NO. 49 :: FILE NAME = TRAIN2017/000000460918.JPG :: SIZE = 177.35 KB
27-11-2021 02:06:16.997303 -> [zip_file] -> S.NO. 50 :: FILE NAME = TRAIN2017/000000029716.JPG :: SIZE = 272.16 KB
27-11-2021 02:06:17.001234 -> [zip_file] -> ..........
27-11-2021 02:06:17.003228 -> [zip_file] -> ..........
27-11-2021 02:06:17.005222 -> [zip_file] -> ..........
27-11-2021 02:06:17.007216 -> [zip_file] -> S.NO. 118288 :: FILE NAME = TRAIN2017/000000564481.JPG :: SIZE = 86.72 KB
27-11-2021 02:06:17.010208 -> [zip_file] -> EXTRACTING FILES AT E:/1_PYTHON_PROJECT\EDA_ODD\DATA\COCO
27-11-2021 02:06:17.012202 -> [zip_file] -> EXTRACTION START
27-11-2021 02:41:34.652516 -> [zip_file] -> EXTRACTION STOP
27-11-2021 02:41:34.694164 -> [zip_file] -> STOP
27-11-2021 02:41:34.793359 -> [main] -> DATASET EXTRACTOR STOP
